 >>> Start of program VELEST at Jan  1 15:41:30 1970 <<<                        

 ::::::::::::::::::::::::::::::::::::::                                         
  V E L E S T  - Version : January 3, 1995                                      
  (Authors: see source code)                                                    
 ::::::::::::::::::::::::::::::::::::::                                         


 Title of this VELEST run:

 CALAVERAS area7 1.10.93 EK startmodell vers. 1.1
 ------------------------------------------------


 Current array-dimensions of program VELEST:

 Max. number of EARTHQUAKES for simult. inversion IEQ = 658
 Max. number of SHOTS for simult. inversion    INSHOT =  50
 Max. number of (different) 1D-MODELS      ITOTMODELS =   2
 Max. number of LAYERS per one 1D-model        INLTOT = 100
 Max. number of STATIONS in stationlist           IST = 650
 Max. number of OBSERVATIONS per event MAXOBSPEREVENT = 180






    INPUT - P A R A M E T E R S :



***
***  olat       olon   icoordsystem      zshift   itrial ztrial    ised
  -6.003900-106.474701      0            0.300       0     0.00      0
***
*** neqs   nshot    rotate
     68      0      0.0
***
*** isingle   iresolcalc
       0          0
***
*** dmax    itopo    zmin     veladj    zadj   lowveloclay
  1000.00     0      0.05       0.50   10.00       0
***
*** nsp    swtfac   vpvs       nmod
     2      0.50    1.730        2
***
***   othet   xythet    zthet    vthet   stathet
      35.00     1.00     0.01     1.00    10.00
***
*** nsinv   nshcor   nshfix     iuseelev    iusestacorr
       1       0       0           1            0
***
*** iturbo    icnvout   istaout   ismpout
       1         1         1         0
***
*** irayout   idrvout   ialeout   idspout   irflout   irfrout   iresout
       0         0         0         0         0         0         0
***
*** delmin   ittmax   invertratio
    0.010       4          2
***
*** Modelfile:
initialzAK135.mod
***
*** Stationfile:
station.sta
***
*** Seismofile:
 
***
*** File with region names:
 
***
*** File with region coordinates:
 
***
*** File #1 with topo data:
 
***
*** File #2 with topo data:
 
***
*** DATA INPUT files:
***
*** File with Earthquake data:
datavelest2.cnv
***
*** File with Shot data:
 
***
*** OUTPUT files:
***
*** Main print output file:
output_init.OUT
***
*** File with single event locations:
velout.vel
***
*** File with final hypocenters in *.cnv format:
finalhypo_init.CNV
***
*** File with new station corrections:
stat_corr_init.OUT
***
*** File with summary cards (e.g. for plotting):
velout.smp
***
*** File with raypoints:
velout.ray
***
*** File with derivatives:
velout.drv
***
*** File with ALEs:
velout.ale
***
*** File with Dirichlet spreads:
velout.dspr
***
*** File with reflection points:
velout.rfl
***
*** File with refraction points:
velout.rfr
***
*** File with residuals:
velout.res
***




 Origin of cartesian coordinates:
        -6.00390N   106.47470E

  X,Y-AXES rotated clockwise from North
           Rotation angle (rotate):
            rotate=    0.0 degr.

 icoordsystem =            0
 normal SHORT DISTANCE CONVERSION will be made
 x is positive towards west, y is positive towards north


 SHORT DISTANCE CONVERSION on ELLIPSOIDE of WORLD GEODETIC SYSTEM 1972 (WGS72)
 =============================================================================

 Radius at equator (REARTH)= 6378.13500  km
   1. / (ellipticity)      =    298.260

 Origin of cartesian coordinates [degrees]:
   -6.0039001 N     -106.4747009 W

  Rotation angle (in degr.) clockwise from
North  rotate=    0.0 

 Radius of sphere at OLAT =   6377.904 km

 Conversion of GEOGRAPHICAL LATITUDE to GEOCENTRICAL LATITUDE:
 RLATC = TAN(GEOCENTR.LAT) / TAN(GEOGRAPH.LAT)
 RLATC =   0.99329493

          Short distance conversions:
          one min lat ~  1.8431 km 
          one min lon ~  1.8452 km 




 Station-corrections set to ZERO !
 (if you do NOT invert for station-corrections,
  then these 0.0-values are printed in file12 !)





    INPUT - M O D E L :



 Model(s) read from file :
 initialzAK135.mod                                                               

 model file title: 
 CALAVERAS1D-modell (mod1.1 EK280993)   
 Velocity structure for model   1 :

 layer    vel   depth   vdamp  reflector
   1      5.80   0.00    1.00         P-VELOCITY MODEL                  
   2      6.50  20.00    1.00  
   3      8.04  35.00    1.00  
   4      8.05  77.00    1.00  
   5      8.17 120.00    1.00  
   6      8.20 165.00    1.00  
   7      8.30 210.00    1.00  
   8      8.48 260.00    1.00  
   9      8.67 310.00    1.00  

 Calculation of average velocity starts at layer #            1
 z =  0.00 ... 20.00    v = 5.80    AVEL = 5.80 downto z =  20.00
 z = 20.00 ... 35.00    v = 6.50    AVEL = 6.10 downto z =  35.00
 z = 35.00 ... 77.00    v = 8.04    AVEL = 7.16 downto z =  77.00
 z = 77.00 ...120.00    v = 8.05    AVEL = 7.48 downto z = 120.00
 z =120.00 ...165.00    v = 8.17    AVEL = 7.67 downto z = 165.00
 z =165.00 ...210.00    v = 8.20    AVEL = 7.78 downto z = 210.00
 z =210.00 ...260.00    v = 8.30    AVEL = 7.88 downto z = 260.00
 z =260.00 ...310.00    v = 8.48    AVEL = 7.98 downto z = 310.00


 Calculation of average velocity starts at layer #            2
 z = 20.00 ... 35.00    v = 6.50    AVEL = 6.50 downto z =  35.00
 z = 35.00 ... 77.00    v = 8.04    AVEL = 7.63 downto z =  77.00
 z = 77.00 ...120.00    v = 8.05    AVEL = 7.81 downto z = 120.00
 z =120.00 ...165.00    v = 8.17    AVEL = 7.92 downto z = 165.00
 z =165.00 ...210.00    v = 8.20    AVEL = 7.99 downto z = 210.00
 z =210.00 ...260.00    v = 8.30    AVEL = 8.05 downto z = 260.00
 z =260.00 ...310.00    v = 8.48    AVEL = 8.13 downto z = 310.00


 Velocity structure for model   2 :

 layer    vel   depth   vdamp  reflector
   1      3.46   0.00    1.00        S-VELOCITY MODEL                   
   2      3.85  20.00    1.00  
   3      4.48  35.00    1.00  
   4      4.49  77.00    1.00  
   5      4.50 120.00    1.00  
   6      4.51 165.00    1.00  
   7      4.52 210.00    1.00  
   8      4.60 260.00    1.00  
   9      4.80 310.00    1.00  

 Calculation of average velocity starts at layer #            1
 z =  0.00 ... 20.00    v = 3.46    AVEL = 3.46 downto z =  20.00
 z = 20.00 ... 35.00    v = 3.85    AVEL = 3.63 downto z =  35.00
 z = 35.00 ... 77.00    v = 4.48    AVEL = 4.09 downto z =  77.00
 z = 77.00 ...120.00    v = 4.49    AVEL = 4.23 downto z = 120.00
 z =120.00 ...165.00    v = 4.50    AVEL = 4.31 downto z = 165.00
 z =165.00 ...210.00    v = 4.51    AVEL = 4.35 downto z = 210.00
 z =210.00 ...260.00    v = 4.52    AVEL = 4.38 downto z = 260.00
 z =260.00 ...310.00    v = 4.60    AVEL = 4.42 downto z = 310.00


 Calculation of average velocity starts at layer #            2
 z = 20.00 ... 35.00    v = 3.85    AVEL = 3.85 downto z =  35.00
 z = 35.00 ... 77.00    v = 4.48    AVEL = 4.31 downto z =  77.00
 z = 77.00 ...120.00    v = 4.49    AVEL = 4.39 downto z = 120.00
 z =120.00 ...165.00    v = 4.50    AVEL = 4.42 downto z = 165.00
 z =165.00 ...210.00    v = 4.51    AVEL = 4.44 downto z = 210.00
 z =210.00 ...260.00    v = 4.52    AVEL = 4.46 downto z = 260.00
 z =260.00 ...310.00    v = 4.60    AVEL = 4.48 downto z = 310.00






    INPUT - S T A T I O N S :



 Station-parameters read from file :
 station.sta                                                                     


     stn latitude longitude elev   x      y      z     ptcor stcor model icc
   1    1 7.4600S107.6500E     0-129.94-161.02  -0.00   0.00  0.00   1   2
   2    2 7.5600S107.8200E     0-148.72-172.08  -0.00   0.00  0.00   1   2
   3    3 4.3600S102.9600E     0 389.66 181.79  -0.00   0.00  0.00   1   3
   4    4 2.9000S104.7000E     0 196.96 343.25  -0.00   0.00  0.00   1   4
   5    5 7.0500S110.4400E     0-438.58-115.68  -0.00   0.00  0.00   1   1
   6    6 7.9100S110.5200E     0-447.03-210.79  -0.00   0.00  0.00   1   1

 NO Seismo-parameter-file specified
 --> NO magnitudes calculated!




   neqs=   68  nshot=    0  nltot=   18

 ~~~ input parameters read.
 ~~~ set units for first iteration ...
 ~~~ determine number of unknowns ...

 Number of unknowns (for array-indexing):  nvar =  272
 Number of effective unknowns        :  nvareff =  272
 Number of elements on/below main diagonal of matrix G = At*A : kvar =   37128

 ~~~ reset G and RHT ...
 ~~~ input data, raytracing, setup G ...






    I N P U T - D A T A  

  eq    origin-time    latitude longitude depth    x      y      z    mag ifxOBStot obsP obsS
   1 150213 1614  3.28  6.2053S 105.8705E 248.96  66.88 -22.27 249.26 0.00 0   8       4    4
   2 150411 1244 40.83  6.5773S 104.5089E  35.42 217.52 -63.41  35.72 0.00 0   8       4    4
   3 150413 1029 41.04  5.8779S 104.4420E  35.27 225.07  13.93  35.57 0.00 0   8       4    4
   4 150805 1541 51.26  6.7113S 105.1562E  35.27 145.88 -78.23  35.57 0.00 0   8       4    4
   5 150923 1619 41.29  7.4255S 107.7902E  23.07-145.44-157.21  23.37 0.00 0   8       4    4
   6 151001 0004 56.19  6.3988S 103.1696E  35.42 365.78 -43.67  35.72 0.00 0   8       4    4
   7 151001 0249 39.87  6.8303S 102.5223E  35.27 437.24 -91.39  35.57 0.00 0   8       4    4
   8 151104 0614 34.75  6.9940S 104.9553E  29.46 168.06-109.49  29.76 0.00 0  10       5    5
   9 151107 0556 31.47  5.9672S 104.7545E 346.28 190.45   4.06 346.58 0.00 0  10       5    5
  10 150120 1434 50.49  5.4241S 102.3326E  32.22 458.82  64.12  32.52 0.00 0   8       4    4
  11 150126 1311 51.43  6.6145S 104.4754E 109.60 221.22 -67.52 109.90 0.00 0   8       4    4
  12 150202 2129 30.91  5.7291S 105.0223E 357.29 160.84  30.39 357.59 0.00 0  10       5    5
  13 200217 1211 49.54  7.2395S 106.4174E   0.07   6.34-136.64   0.37 0.00 0   8       4    4
  14 200310 1406 27.04  5.9895S 102.8460E  35.19 401.75   1.59  35.49 0.00 0  10       5    5
  15 200425 0443 25.16  6.1755S 106.1384E 154.32  37.23 -18.98 154.62 0.00 0  10       5    5
  16 200503 0706 47.06  6.2127S 104.5201E 152.90 216.36 -23.09 153.20 0.00 0  10       5    5
  17 190102 1340 22.68  6.5401S 103.6496E 126.71 312.62 -59.30 127.01 0.00 0   8       4    4
  18 190112 1204 24.98  6.7708S 104.3080E   6.99 239.71 -84.81   7.29 0.00 0   8       4    4
  19 190213 2341 55.00  6.9568S 105.8371E  35.19  70.53-105.38  35.49 0.00 0  10       5    5
  20 190512 0851 44.31  6.6145S 104.6317E  41.59 203.93 -67.52  41.89 0.00 0   8       4    4
  21 190728 1425  2.95  7.3288S 106.1496E  36.83  35.95-146.51  37.13 0.00 0  10       5    5
  22 190802 1203 26.30  7.4107S 104.6875E  36.61 197.60-155.57  36.91 0.00 0  10       5    5
  23 190811 0211 18.35  5.8407S 103.9844E 191.29 275.75  18.05 191.59 0.00 0  10       5    5
  24 190811 0439 12.14  6.4806S 103.6272E  70.91 315.12 -52.72  71.21 0.00 0  10       5    5
  25 190905 1156 37.72  5.1339S 105.5134E  36.76 106.51  96.21  37.06 0.00 0  10       5    5
  26 190922 2232 30.77  6.6517S 102.9688E  35.27 387.91 -71.64  35.57 0.00 0  10       5    5
  27 191216 1252 33.15  7.1800S 106.0603E  35.19  45.83-130.06  35.49 0.00 0   8       4    4
  28 181201 2236  9.18  6.9717S 105.0335E  63.17 159.41-107.02  63.47 0.00 0  10       5    5
  29 180123 0634 56.31  7.1279S 106.3616E   0.15  12.51-124.30   0.45 0.00 0   8       4    4
  30 180124 0632 45.32  6.7410S 106.4062E   0.15   7.58 -81.51   0.45 0.00 0   8       4    4
  31 180319 1136 28.26  7.2730S 106.1328E  35.23  37.81-140.34  35.53 0.00 0  10       5    5
  32 180326 2132 32.66  6.1830S 102.4888E  35.34 441.22 -19.81  35.64 0.00 0   8       4    4
  33 180408 1604 21.90  6.2425S 104.2522E  39.96 246.01 -26.39  40.26 0.00 0  10       5    5
  34 180409 1146 34.52  6.8675S 105.6585E  35.34  90.29 -95.50  35.64 0.00 0  10       5    5
  35 180414 1803 11.75  8.1696S 108.3705E 106.40-209.44-239.49 106.70 0.00 0   8       4    4
  36 180509 2126  0.91  6.4955S 104.8549E  35.34 179.25 -54.36  35.64 0.00 0  10       5    5
  37 180605 2300 41.29  4.8735S 105.6585E 174.63  90.45 125.01 174.93 0.00 0   8       4    4
  38 180708 1947 27.99  7.4032S 106.7746E  13.47 -33.16-154.74  13.77 0.00 0  10       5    5
  39 180823 0344  5.91  6.3764S 103.5603E 124.18 322.55 -41.19 124.48 0.00 0  10       5    5
  40 180902 0107 23.55  6.8080S 103.5156E  34.15 327.36 -88.92  34.45 0.00 0   8       4    4
  41 181025 0548 42.66  6.4211S 105.9263E 183.71  60.69 -46.14 184.01 0.00 0   8       4    4
  42 181029 2111 22.97  5.9672S 106.4509E 199.26   2.64   4.06 199.56 0.00 0   8       4    4
  43 160306 1151 12.57  2.8943S 104.7210E  69.87 194.63 343.88  70.17 0.00 0   8       4    4
  44 160317 1303 11.85  6.5773S 104.3303E  49.70 237.29 -63.41  50.00 0.00 0   8       4    4
  45 160321 0225 20.26  4.8660S 105.0223E 182.29 160.96 125.83 182.59 0.00 0   8       4    4
  46 160424 0432 27.65  4.3750S 103.3482E 322.92 346.62 180.13 323.22 0.00 0   8       4    4
  47 160506 0204  9.86  6.4062S 104.1853E 133.85 253.37 -44.49 134.15 0.00 0   8       4    4
  48 160606 0921 25.46  6.0565S 103.1473E 214.14 368.37  -5.82 214.44 0.00 0   8       4    4
  49 160628 0332 51.12  5.7589S 105.2009E 171.28 141.06  27.09 171.58 0.00 0   8       4    4
  50 160807 1404  1.13  7.1428S 110.7143E  90.48-468.87-125.95  90.78 0.00 0   8       4    4
  51 160911 1535  9.41  5.9970S 105.1562E 297.47 145.98   0.76 297.77 0.00 0   8       4    4
  52 161112 2107 34.31  6.3541S 103.5938E  35.27 318.85 -38.73  35.57 0.00 0   8       4    4
  53 170118 1051 41.81  6.5773S 105.4911E  35.42 108.84 -63.41  35.72 0.00 0   8       4    4
  54 170219 1514 22.77  6.2351S 105.6473E 110.57  91.58 -25.57 110.87 0.00 0  10       5    5
  55 170310 1613 37.43  6.3913S 105.3460E  25.37 124.92 -42.84  25.67 0.00 0  10       5    5
  56 170424 2129  4.00  6.0193S 105.5246E  49.63 105.19  -1.70  49.93 0.00 0  10       5    5
  57 170708 2248 35.60  7.7306S 105.9263E  29.99  60.61-190.95  30.29 0.00 0  10       5    5
  58 170902 0332 24.34  6.0639S 104.9442E  35.34 169.44  -6.64  35.64 0.00 0  10       5    5
  59 170321 1313 20.17  6.6964S 103.4375E 375.30 336.04 -76.58 375.60 0.00 0  10       5    5
  60 171108 1917  8.83  6.6145S 104.6540E  28.79 201.46 -67.52  29.09 0.00 0  10       5    5
  61 171126 1906 32.07  6.2053S 105.6473E 320.09  91.59 -22.27 320.39 0.00 0   8       4    4
  62 170310 1633  6.43  6.2648S 105.0670E  45.09 155.81 -28.85  45.39 0.00 0   8       4    4
  63 170425 1637 36.90  7.3586S 105.3460E  34.30 124.80-149.81  34.60 0.00 0  10       5    5
  64 170424 2128 58.63  6.4657S 105.1451E 224.33 147.14 -51.07 224.63 0.00 0  10       5    5
  65 170717 1619  3.82  5.2901S 103.0246E 109.30 382.21  78.94 109.60 0.00 0   8       4    4
  66 170403 1955 13.62  6.4136S 103.4598E 174.85 333.66 -45.31 175.15 0.00 0   8       4    4
  67 170505 1125 11.06  6.8601S 105.0670E  41.52 155.73 -94.68  41.82 0.00 0   8       4    4
  68 170107 0338 10.75  6.0565S 104.3080E  35.27 239.87  -5.82  35.57 0.00 0   8       4    4

 readings for station    1 : tot=  94  P:  47  S:  47
 readings for station    2 : tot=  24  P:  12  S:  12
 readings for station    3 : tot= 112  P:  56  S:  56
 readings for station    4 : tot= 124  P:  62  S:  62
 readings for station    5 : tot= 116  P:  58  S:  58
 readings for station    6 : tot= 132  P:  66  S:  66

 Total number of stations with readings:   6

 Total number of readings:     602
 Total number of P readings: *******
 Total number of S readings:   22336


 ~~~ store parts of G ...
 ~~~ compute RMS and DATVAR ...

 Total number of observations is:   602


 $$$$$$$$$$$$$$$$$$$$$$$$$$$$$$$$$$$$$$$$$$$$$$$$$
 Events with  | AVRES | > 1.0 SEC are suspicious !

 Event#   1 >>>  150213 1614  AVRES =-11.39 NOBS =  8
 Event#   2 >>>  150411 1244  AVRES =-37.75 NOBS =  8
 Event#   3 >>>  150413 1029  AVRES =-25.55 NOBS =  8
 Event#   4 >>>  150805 1541  AVRES =-24.93 NOBS =  8
 Event#   5 >>>  150923 1619  AVRES =-18.15 NOBS =  8
 Event#   6 >>>  151001 0004  AVRES =-48.44 NOBS =  8
 Event#   7 >>>  151001 0249  AVRES =-43.44 NOBS =  8
 Event#   8 >>>  151104 0614  AVRES =-30.80 NOBS = 10
 Event#   9 >>>  151107 0556  AVRES =-37.42 NOBS = 10
 Event#  10 >>>  150120 1434  AVRES =-37.01 NOBS =  8
 Event#  11 >>>  150126 1311  AVRES =-41.41 NOBS =  8
 Event#  12 >>>  150202 2129  AVRES =-31.63 NOBS = 10
 Event#  13 >>>  200217 1211  AVRES =-36.74 NOBS =  8
 Event#  14 >>>  200310 1406  AVRES =-16.56 NOBS = 10
 Event#  15 >>>  200425 0443  AVRES =-25.48 NOBS = 10
 Event#  16 >>>  200503 0706  AVRES =-32.22 NOBS = 10
 Event#  17 >>>  190102 1340  AVRES =-23.49 NOBS =  8
 Event#  18 >>>  190112 1204  AVRES =-25.81 NOBS =  8
 Event#  19 >>>  190213 2341  AVRES =-41.68 NOBS = 10
 Event#  20 >>>  190512 0851  AVRES =-38.32 NOBS =  8
 Event#  21 >>>  190728 1425  AVRES = -2.21 NOBS = 10
 Event#  22 >>>  190802 1203  AVRES =-26.78 NOBS = 10
 Event#  23 >>>  190811 0211  AVRES =-15.28 NOBS = 10
 Event#  24 >>>  190811 0439  AVRES =-12.50 NOBS = 10
 Event#  25 >>>  190905 1156  AVRES =-30.60 NOBS = 10
 Event#  26 >>>  190922 2232  AVRES =-42.31 NOBS = 10
 Event#  27 >>>  191216 1252  AVRES =-22.52 NOBS =  8
 Event#  28 >>>  181201 2236  AVRES = -2.88 NOBS = 10
 Event#  29 >>>  180123 0634  AVRES =-41.43 NOBS =  8
 Event#  30 >>>  180124 0632  AVRES =-35.02 NOBS =  8
 Event#  31 >>>  180319 1136  AVRES =-19.28 NOBS = 10
 Event#  32 >>>  180326 2132  AVRES =-21.40 NOBS =  8
 Event#  33 >>>  180408 1604  AVRES =-18.63 NOBS = 10
 Event#  34 >>>  180409 1146  AVRES =-23.59 NOBS = 10
 Event#  35 >>>  180414 1803  AVRES = -7.71 NOBS =  8
 Event#  37 >>>  180605 2300  AVRES =-26.55 NOBS =  8
 Event#  38 >>>  180708 1947  AVRES =-29.68 NOBS = 10
 Event#  39 >>>  180823 0344  AVRES = -4.92 NOBS = 10
 Event#  40 >>>  180902 0107  AVRES =-29.19 NOBS =  8
 Event#  41 >>>  181025 0548  AVRES =-34.29 NOBS =  8
 Event#  42 >>>  181029 2111  AVRES =-18.51 NOBS =  8
 Event#  43 >>>  160306 1151  AVRES =-36.63 NOBS =  8
 Event#  44 >>>  160317 1303  AVRES =-11.98 NOBS =  8
 Event#  45 >>>  160321 0225  AVRES =-22.90 NOBS =  8
 Event#  46 >>>  160424 0432  AVRES =-20.79 NOBS =  8
 Event#  47 >>>  160506 0204  AVRES = -9.71 NOBS =  8
 Event#  48 >>>  160606 0921  AVRES =-25.85 NOBS =  8
 Event#  49 >>>  160628 0332  AVRES =-28.26 NOBS =  8
 Event#  50 >>>  160807 1404  AVRES =  2.33 NOBS =  8
 Event#  51 >>>  160911 1535  AVRES = -6.13 NOBS =  8
 Event#  52 >>>  161112 2107  AVRES =-27.16 NOBS =  8
 Event#  53 >>>  170118 1051  AVRES =-29.25 NOBS =  8
 Event#  54 >>>  170219 1514  AVRES =-29.85 NOBS = 10
 Event#  55 >>>  170310 1613  AVRES =-36.61 NOBS = 10
 Event#  56 >>>  170424 2129  AVRES =  2.62 NOBS = 10
 Event#  57 >>>  170708 2248  AVRES =-28.21 NOBS = 10
 Event#  58 >>>  170902 0332  AVRES =-23.69 NOBS = 10
 Event#  59 >>>  170321 1313  AVRES =-19.99 NOBS = 10
 Event#  60 >>>  171108 1917  AVRES = -5.58 NOBS = 10
 Event#  61 >>>  171126 1906  AVRES =-23.97 NOBS =  8
 Event#  62 >>>  170310 1633  AVRES = -5.58 NOBS =  8
 Event#  63 >>>  170425 1637  AVRES =-21.90 NOBS = 10
 Event#  64 >>>  170424 2128  AVRES =-33.06 NOBS = 10
 Event#  65 >>>  170717 1619  AVRES = -6.02 NOBS =  8
 Event#  66 >>>  170403 1955  AVRES =-15.18 NOBS =  8
 Event#  67 >>>  170505 1125  AVRES =-11.34 NOBS =  8
 Event#  68 >>>  170107 0338  AVRES = -9.58 NOBS =  8

 ^^^^^^^^^ C H E C K   these events above ^^^^^^^^
 $$$$$$$$$$$$$$$$$$$$$$$$$$$$$$$$$$$$$$$$$$$$$$$$$

 ~~~ save initial datvar ...

 Iteration nr  0 obtained:
 DATVAR= 1255.046631 mean sqrd residual=   687.982361  RMS RESIDUAL=    26.229418

 After  0 iterations we got:
 Average absolute & unweighted [and mean] residual of
   495 straight and direct rays = 27.65177 [-22.13287]
   107 refracted           rays = 35.47422 [-32.05313]
     0 reflected           rays =  0.00000 [  0.00000]

   602 ALL                 RAYS = 29.04214 [-23.89610]        0.00 %




--------------------------------------------------------------------------------



           ITERATION no  1

 ~~~ set units for this iteration ...
 ~~~ determine number of unknowns for this iter. ...

 Number of unknowns (for array-indexing):  nvar =  272
 Number of effective unknowns        :  nvareff =  272
 Number of elements on/below main diagonal of matrix G = At*A : kvar =   37128

 Damping factors to be used in this iteration:
   Othet=  35.000   XYthet  =   1.000   Zthet=  0.010
 STAthet=  10.000   Vthet   =   1.000

 ~~~ damp G ...
 ~~~ solve G * b = RHT ...
 ~~~ fix units ...
 ~~~ apply eventually step-length damping ...
 ~~~ adjust model (hypocenters, stacorr & veloc.) ...
 ~~~ compute effective step-length ...

 (Applied) Step length = 163.310

 ~~~ set units for next iteration ...
 ~~~ determine number of unknowns for next iter. ...

 Number of unknowns (for array-indexing):  nvar =  297
 Number of effective unknowns        :  nvareff =  296
 Number of elements on/below main diagonal of matrix G = At*A : kvar =   44253

 ~~~ reset G and RHT ...
 ~~~ raytracing, setup G ...
 ~~~ store parts of G ...
 ~~~ set units back for current iteration ...
 ~~~ determine number of unknowns for this iter. ...

 Number of unknowns (for array-indexing):  nvar =  272
 Number of effective unknowns        :  nvareff =  272
 Number of elements on/below main diagonal of matrix G = At*A : kvar =   37128

 ~~~ compute RMS and DATVAR ...

 $$$$$$$$$$$$$$$$$$$$$$$$$$$$$$$$$$$$$$$$$$$$$$$$$
 Events with  | AVRES | > 1.0 SEC are suspicious !

 Event#   1 >>>  150213 1614  AVRES = -8.50 NOBS =  8
 Event#   2 >>>  150411 1244  AVRES =-28.96 NOBS =  8
 Event#   3 >>>  150413 1029  AVRES =-20.54 NOBS =  8
 Event#   4 >>>  150805 1541  AVRES =-19.99 NOBS =  8
 Event#   5 >>>  150923 1619  AVRES =-16.45 NOBS =  8
 Event#   6 >>>  151001 0004  AVRES =-35.43 NOBS =  8
 Event#   7 >>>  151001 0249  AVRES =-31.68 NOBS =  8
 Event#   8 >>>  151104 0614  AVRES =-29.14 NOBS = 10
 Event#   9 >>>  151107 0556  AVRES =-33.30 NOBS = 10
 Event#  10 >>>  150120 1434  AVRES =-35.26 NOBS =  8
 Event#  11 >>>  150126 1311  AVRES =-35.00 NOBS =  8
 Event#  12 >>>  150202 2129  AVRES =-28.92 NOBS = 10
 Event#  13 >>>  200217 1211  AVRES =-35.84 NOBS =  8
 Event#  14 >>>  200310 1406  AVRES =-11.55 NOBS = 10
 Event#  15 >>>  200425 0443  AVRES =-22.30 NOBS = 10
 Event#  16 >>>  200503 0706  AVRES =-26.67 NOBS = 10
 Event#  17 >>>  190102 1340  AVRES =-19.48 NOBS =  8
 Event#  18 >>>  190112 1204  AVRES =-23.84 NOBS =  8
 Event#  19 >>>  190213 2341  AVRES =-31.99 NOBS = 10
 Event#  20 >>>  190512 0851  AVRES =-30.10 NOBS =  8
 Event#  21 >>>  190728 1425  AVRES = -1.72 NOBS = 10
 Event#  22 >>>  190802 1203  AVRES =-20.27 NOBS = 10
 Event#  23 >>>  190811 0211  AVRES =-12.97 NOBS = 10
 Event#  24 >>>  190811 0439  AVRES = -9.34 NOBS = 10
 Event#  25 >>>  190905 1156  AVRES =-23.68 NOBS = 10
 Event#  26 >>>  190922 2232  AVRES =-30.07 NOBS = 10
 Event#  27 >>>  191216 1252  AVRES =-17.96 NOBS =  8
 Event#  28 >>>  181201 2236  AVRES = -2.33 NOBS = 10
 Event#  29 >>>  180123 0634  AVRES =-39.28 NOBS =  8
 Event#  30 >>>  180124 0632  AVRES =-31.59 NOBS =  8
 Event#  31 >>>  180319 1136  AVRES =-14.76 NOBS = 10
 Event#  32 >>>  180326 2132  AVRES =-15.93 NOBS =  8
 Event#  33 >>>  180408 1604  AVRES =-14.47 NOBS = 10
 Event#  34 >>>  180409 1146  AVRES =-18.25 NOBS = 10
 Event#  35 >>>  180414 1803  AVRES = -5.23 NOBS =  8
 Event#  37 >>>  180605 2300  AVRES =-21.62 NOBS =  8
 Event#  38 >>>  180708 1947  AVRES =-29.57 NOBS = 10
 Event#  39 >>>  180823 0344  AVRES = -3.77 NOBS = 10
 Event#  40 >>>  180902 0107  AVRES =-28.04 NOBS =  8
 Event#  41 >>>  181025 0548  AVRES =-30.01 NOBS =  8
 Event#  42 >>>  181029 2111  AVRES =-16.75 NOBS =  8
 Event#  43 >>>  160306 1151  AVRES =-27.59 NOBS =  8
 Event#  44 >>>  160317 1303  AVRES = -9.34 NOBS =  8
 Event#  45 >>>  160321 0225  AVRES =-19.79 NOBS =  8
 Event#  46 >>>  160424 0432  AVRES =-16.65 NOBS =  8
 Event#  47 >>>  160506 0204  AVRES = -7.87 NOBS =  8
 Event#  48 >>>  160606 0921  AVRES =-21.79 NOBS =  8
 Event#  49 >>>  160628 0332  AVRES =-24.62 NOBS =  8
 Event#  50 >>>  160807 1403  AVRES = 11.46 NOBS =  8
 Event#  51 >>>  160911 1535  AVRES = -5.22 NOBS =  8
 Event#  52 >>>  161112 2107  AVRES =-20.86 NOBS =  8
 Event#  53 >>>  170118 1051  AVRES =-23.53 NOBS =  8
 Event#  54 >>>  170219 1514  AVRES =-25.61 NOBS = 10
 Event#  55 >>>  170310 1613  AVRES =-34.17 NOBS = 10
 Event#  56 >>>  170424 2129  AVRES =  1.76 NOBS = 10
 Event#  57 >>>  170708 2248  AVRES =-27.25 NOBS = 10
 Event#  58 >>>  170902 0332  AVRES =-18.43 NOBS = 10
 Event#  59 >>>  170321 1313  AVRES =-18.24 NOBS = 10
 Event#  60 >>>  171108 1917  AVRES = -4.74 NOBS = 10
 Event#  61 >>>  171126 1906  AVRES =-22.44 NOBS =  8
 Event#  62 >>>  170310 1633  AVRES = -4.34 NOBS =  8
 Event#  63 >>>  170425 1637  AVRES =-21.36 NOBS = 10
 Event#  64 >>>  170424 2128  AVRES =-30.00 NOBS = 10
 Event#  65 >>>  170717 1619  AVRES = -4.57 NOBS =  8
 Event#  66 >>>  170403 1955  AVRES =-12.96 NOBS =  8
 Event#  67 >>>  170505 1125  AVRES = -9.28 NOBS =  8
 Event#  68 >>>  170107 0338  AVRES = -7.55 NOBS =  8

 ^^^^^^^^^ C H E C K   these events above ^^^^^^^^
 $$$$$$$$$$$$$$$$$$$$$$$$$$$$$$$$$$$$$$$$$$$$$$$$$

 ~~~ check solution (better? worse?) ...

 Iteration nr  1 obtained:
 DATVAR= 1101.251831 mean sqrd residual=   603.676208  RMS RESIDUAL=    24.569822

 After  1 iterations we got:
 Average absolute & unweighted [and mean] residual of
   358 straight and direct rays = 24.02814 [-17.62613]
   244 refracted           rays = 28.13041 [-23.50175]
     0 reflected           rays =  0.00000 [  0.00000]

   602 ALL                 RAYS = 25.69086 [-20.00761]      -11.54 %

 ~~~ iteration done; output results ...

  eq       ot     x      y      z      rms    avres   dot     dx     dy     dz
 ***** depth constrained for event     1
    1      2.29  52.70 -30.82 239.26  19.53  -8.50   -0.995-14.179 -8.549-10.000
    2     34.34 193.75 -58.37  29.94  16.17 -28.96   -6.488-23.773  5.042 -5.779
    3     36.44 206.37  11.98  31.28  23.41 -20.54   -4.598-18.706 -1.953 -4.285
    4     46.77 140.48 -66.95  32.12  35.58 -19.99   -4.494 -5.402 11.273 -3.451
 ***** depth constrained for event     5
    5     38.96-130.02-148.39  33.37  38.55 -16.45   -2.327 15.426  8.815 10.000
    6     48.23 322.52 -47.25  30.07  25.22 -35.43   -7.962-43.267 -3.583 -5.647
    7     32.71 401.60 -86.67  31.88   9.13 -31.68   -7.158-35.644  4.715 -3.685
 ***** depth constrained for event     8
    8     33.60 169.22-108.32  39.76  15.45 -29.14   -1.150  1.157  1.172 10.000
 ***** depth constrained for event     9
    9     28.93 175.63  -2.83 336.58  13.47 -33.30   -2.544-14.822 -6.888-10.000
 ***** depth constrained for event    10
   10     49.49 450.13  50.47  42.52  31.56 -35.26   -1.002 -8.686-13.650 10.000
 ***** depth constrained for event    11
   11     46.62 201.66 -62.46  99.90  24.29 -35.00   -4.807-19.564  5.067-10.000
 ***** depth constrained for event    12
   12     29.31 155.15  25.75 347.59  16.19 -28.92   -1.598 -5.685 -4.643-10.000
 ***** depth constrained for event    13
   13     49.33  11.82-133.90  10.37  31.22 -35.84   -0.209  5.482  2.743 10.000
   14     23.77 384.68   1.25  34.21  25.41 -11.55   -3.266-17.066 -0.346 -1.283
 ***** depth constrained for event    15
   15     22.54  35.56 -16.39 144.62   8.69 -22.30   -2.623 -1.666  2.587-10.000
 ***** depth constrained for event    16
   16     43.39 194.66 -24.65 143.20  28.16 -26.67   -3.673-21.697 -1.557-10.000
 ***** depth constrained for event    17
   17     19.82 303.20 -56.27 117.01   6.55 -19.48   -2.858 -9.416  3.023-10.000
 ***** depth constrained for event    18
   18     24.47 237.71 -85.96  17.29   8.09 -23.84   -0.514 -1.999 -1.151 10.000
   19     46.01  61.57 -86.80  30.84  28.80 -31.99   -8.993 -8.962 18.573 -4.652
 ***** depth constrained for event    20
   20     37.57 178.52 -58.56  31.89  26.37 -30.10   -6.736-25.405  8.966-10.000
   21      2.47  35.58-146.21  34.68   3.23  -1.72   -0.482 -0.369  0.307 -2.452
 ***** depth constrained for event    22
   22     20.76 181.29-145.50  26.91   7.14 -20.27   -5.536-16.304 10.076-10.000
 ***** depth constrained for event    23
   23     16.98 270.19  16.03 181.59   7.00 -12.97   -1.367 -5.560 -2.017-10.000
 ***** depth constrained for event    24
   24      9.91 308.25 -48.43  61.21   4.14  -9.34   -2.229 -6.869  4.291-10.000
 ***** depth constrained for event    25
   25     31.21  77.17  80.38  27.06  28.66 -23.68   -6.514-29.341-15.829-10.000
   26     22.36 350.29 -61.80  30.20  22.43 -30.07   -8.408-37.625  9.841 -5.369
   27     29.09  38.51-124.81  33.00  28.01 -17.96   -4.055 -7.322  5.247 -2.491
 ***** depth constrained for event    28
   28      8.60 162.26-105.25  53.47  10.78  -2.33   -0.576  2.850  1.772-10.000
 ***** depth constrained for event    29
   29     55.27  14.07-122.23  10.45  33.64 -39.28   -1.035  1.563  2.068 10.000
 ***** depth constrained for event    30
   30     44.04  -0.93 -82.14  10.45  27.38 -31.59   -1.280 -8.510 -0.624 10.000
   31     24.11  37.35-127.47  33.08  23.74 -14.76   -4.152 -0.458 12.871 -2.446
   32     29.07 421.13 -21.61  33.49  26.65 -15.93   -3.594-20.088 -1.808 -2.154
 ***** depth constrained for event    33
   33     17.93 239.33 -21.04  30.26  12.68 -14.47   -3.969 -6.675  5.342-10.000
   34     29.43  86.41 -83.24  31.26  23.55 -18.25   -5.093 -3.882 12.257 -4.385
 ***** depth constrained for event    35
   35      9.25-188.12-222.83 116.70  43.50  -5.23   -2.498 21.326 16.661 10.000
   36      0.81 179.61 -54.53  35.51   2.72  -0.37   -0.105  0.357 -0.167 -0.129
 ***** depth constrained for event    37
   37     38.64  73.57 109.27 164.93  25.47 -21.62   -2.648-16.885-15.735-10.000
 ***** depth constrained for event    38
   38     28.18 -11.20-142.36  23.77  33.39 -29.57    0.188 21.962 12.385 10.000
 ***** depth constrained for event    39
   39      5.18 321.09 -40.27 114.48   6.22  -3.77   -0.733 -1.465  0.924-10.000
 ***** depth constrained for event    40
   40     22.99 321.96 -90.23  44.45   9.19 -28.04   -0.559 -5.399 -1.305 10.000
 ***** depth constrained for event    41
   41     39.65  52.53 -40.28 174.01  26.69 -30.01   -3.006 -8.159  5.853-10.000
 ***** depth constrained for event    42
   42     21.71   4.25   6.49 189.56  12.61 -16.75   -1.263  1.618  2.428-10.000
 ***** depth constrained for event    43
   43      5.53 166.81 314.21  80.17  53.11 -27.59   -7.039-27.819-29.666 10.000
 ***** depth constrained for event    44
   44      9.76 232.83 -59.32  40.00   4.51  -9.34   -2.087 -4.454  4.086-10.000
 ***** depth constrained for event    45
   45     17.96 153.16 121.96 172.59  17.04 -19.79   -2.304 -7.794 -3.873-10.000
 ***** depth constrained for event    46
   46     25.15 335.88 171.30 313.22  18.10 -16.65   -2.501-10.737 -8.828-10.000
 ***** depth constrained for event    47
   47      8.57 248.50 -45.19 124.15   5.85  -7.87   -1.286 -4.876 -0.706-10.000
 ***** depth constrained for event    48
   48     22.92 356.50  -7.43 204.44   8.15 -21.79   -2.540-11.873 -1.610-10.000
 ***** depth constrained for event    49
   49     48.38 123.43  20.72 161.58  30.38 -24.62   -2.738-17.627 -6.369-10.000
 ***** depth constrained for event    50
   50     54.49-427.32 -97.99 100.78  85.83  11.46   -6.636 41.549 27.955 10.000
 ***** depth constrained for event    51
   51      9.17 148.71   2.36 287.77   8.37  -5.22   -0.235  2.738  1.595-10.000
   52     29.63 294.31 -36.78  32.24  25.64 -20.86   -4.684-24.539  1.950 -3.334
   53     36.55  97.00 -60.05  30.08  24.66 -23.53   -5.258-11.844  3.357 -5.644
 ***** depth constrained for event    54
   54     18.89  92.40 -19.56 100.87  13.19 -25.61   -3.878  0.812  6.012-10.000
 ***** depth constrained for event    55
   55     36.02 123.43 -44.11  35.67  20.08 -34.17   -1.408 -1.486 -1.267 10.000
 ***** depth constrained for event    56
   56      4.50 110.21  -1.78  59.93  10.32   1.76    0.501  5.018 -0.077 10.000
 ***** depth constrained for event    57
   57     35.08  65.94-185.97  40.29  23.17 -27.25   -0.517  5.325  4.981 10.000
   58     19.22 161.23  -0.68  30.31   8.97 -18.43   -5.121 -8.211  5.956 -5.326
 ***** depth constrained for event    59
   59     19.26 334.91 -76.27 365.60  12.75 -18.24   -0.910 -1.133  0.307-10.000
 ***** depth constrained for event    60
   60      8.48 203.31 -67.19  39.09   8.36  -4.74   -0.347  1.848  0.335 10.000
 ***** depth constrained for event    61
   61     31.30  99.19 -18.03 310.39  19.41 -22.44   -0.766  7.601  4.240-10.000
 ***** depth constrained for event    62
   62      5.45 153.05 -29.16  35.39   4.02  -4.34   -0.977 -2.759 -0.312-10.000
 ***** depth constrained for event    63
   63     36.01 134.12-144.42  44.60  31.27 -21.36   -0.892  9.324  5.388 10.000
 ***** depth constrained for event    64
   64     56.87 134.70 -52.72 214.63  25.58 -30.00   -1.761-12.438 -1.652-10.000
 ***** depth constrained for event    65
   65      3.15 378.59  79.32  99.60   3.00  -4.57   -0.670 -3.622  0.381-10.000
 ***** depth constrained for event    66
   66     12.35 327.45 -45.62 165.15   3.42 -12.96   -1.269 -6.212 -0.314-10.000
 ***** depth constrained for event    67
   67      9.03 151.90 -91.43  31.82   3.29  -9.28   -2.032 -3.821  3.248-10.000
   68      9.05 234.84  -5.60  33.87   4.96  -7.55   -1.699 -5.034  0.215 -1.702

 A V E R A G E   of ADJUSTMENTS :                    -2.823 -6.929  1.615 -3.297
 A V E R A G E   of ABSOLUTE ADJUSTMENTS :            2.843 11.222  5.570  8.297


NO step length damping applied


 ~~~ another iteration? ...



--------------------------------------------------------------------------------



           ITERATION no  2

 ~~~ set units for this iteration ...
 ~~~ determine number of unknowns for this iter. ...

 Number of unknowns (for array-indexing):  nvar =  297
 Number of effective unknowns        :  nvareff =  296
 Number of elements on/below main diagonal of matrix G = At*A : kvar =   44253

 Damping factors to be used in this iteration:
   Othet=  35.000   XYthet  =   1.000   Zthet=  0.010
 STAthet=  10.000   Vthet   =   1.000

 ~~~ damp G ...
 ~~~ solve G * b = RHT ...
 ~~~ fix units ...
 ~~~ apply eventually step-length damping ...
 ~~~ adjust model (hypocenters, stacorr & veloc.) ...

 doing velocity adjustments now...
 WARNING: Tried to introduce a low-velocity-layer! (Layer  4)
 Setting DVP from  0.14 to 0.0 and VP to vp(layer_above)+0.001
 WARNING: Tried to introduce a low-velocity-layer! (Layer  6)
 Setting DVP from  0.06 to 0.0 and VP to vp(layer_above)+0.001
 WARNING: Tried to introduce a low-velocity-layer! (Layer  5)
 Setting DVP from  0.06 to 0.0 and VP to vp(layer_above)+0.001
 WARNING: Tried to introduce a low-velocity-layer! (Layer  6)
 Setting DVP from  0.05 to 0.0 and VP to vp(layer_above)+0.001
 WARNING: Tried to introduce a low-velocity-layer! (Layer  8)
 Setting DVP from -0.08 to 0.0 and VP to vp(layer_above)+0.001

 doing station-correction adjustments...

 ~~~ compute effective step-length ...

 (Applied) Step length =  30.331

 ~~~ set units for next iteration ...
 ~~~ determine number of unknowns for next iter. ...

 Number of unknowns (for array-indexing):  nvar =  272
 Number of effective unknowns        :  nvareff =  272
 Number of elements on/below main diagonal of matrix G = At*A : kvar =   37128

 ~~~ reset G and RHT ...
 ~~~ raytracing, setup G ...
 ~~~ store parts of G ...
 ~~~ set units back for current iteration ...
 ~~~ determine number of unknowns for this iter. ...

 Number of unknowns (for array-indexing):  nvar =  297
 Number of effective unknowns        :  nvareff =  296
 Number of elements on/below main diagonal of matrix G = At*A : kvar =   44253

 ~~~ compute RMS and DATVAR ...

 $$$$$$$$$$$$$$$$$$$$$$$$$$$$$$$$$$$$$$$$$$$$$$$$$
 Events with  | AVRES | > 1.0 SEC are suspicious !

 Event#   1 >>>  150213 1614  AVRES = -8.06 NOBS =  8
 Event#   2 >>>  150411 1244  AVRES =-27.98 NOBS =  8
 Event#   3 >>>  150413 1029  AVRES =-19.78 NOBS =  8
 Event#   4 >>>  150805 1541  AVRES =-19.33 NOBS =  8
 Event#   5 >>>  150923 1619  AVRES =-16.22 NOBS =  8
 Event#   6 >>>  151001 0004  AVRES =-34.15 NOBS =  8
 Event#   7 >>>  151001 0249  AVRES =-30.49 NOBS =  8
 Event#   8 >>>  151104 0614  AVRES =-28.38 NOBS = 10
 Event#   9 >>>  151107 0556  AVRES =-31.92 NOBS = 10
 Event#  10 >>>  150120 1434  AVRES =-34.28 NOBS =  8
 Event#  11 >>>  150126 1311  AVRES =-34.04 NOBS =  8
 Event#  12 >>>  150202 2129  AVRES =-27.63 NOBS = 10
 Event#  13 >>>  200217 1211  AVRES =-34.15 NOBS =  8
 Event#  14 >>>  200310 1406  AVRES =-11.03 NOBS = 10
 Event#  15 >>>  200425 0443  AVRES =-21.55 NOBS = 10
 Event#  16 >>>  200503 0706  AVRES =-25.76 NOBS = 10
 Event#  17 >>>  190102 1340  AVRES =-18.66 NOBS =  8
 Event#  18 >>>  190112 1204  AVRES =-22.99 NOBS =  8
 Event#  19 >>>  190213 2341  AVRES =-31.02 NOBS = 10
 Event#  20 >>>  190512 0851  AVRES =-29.19 NOBS =  8
 Event#  21 >>>  190728 1425  AVRES = -1.58 NOBS = 10
 Event#  22 >>>  190802 1203  AVRES =-19.52 NOBS = 10
 Event#  23 >>>  190811 0211  AVRES =-12.24 NOBS = 10
 Event#  24 >>>  190811 0439  AVRES = -8.69 NOBS = 10
 Event#  25 >>>  190905 1156  AVRES =-22.82 NOBS = 10
 Event#  26 >>>  190922 2232  AVRES =-28.98 NOBS = 10
 Event#  27 >>>  191216 1252  AVRES =-17.34 NOBS =  8
 Event#  28 >>>  181201 2236  AVRES = -1.87 NOBS = 10
 Event#  29 >>>  180123 0634  AVRES =-37.53 NOBS =  8
 Event#  30 >>>  180124 0632  AVRES =-30.18 NOBS =  8
 Event#  31 >>>  180319 1136  AVRES =-14.20 NOBS = 10
 Event#  32 >>>  180326 2132  AVRES =-15.27 NOBS =  8
 Event#  33 >>>  180408 1604  AVRES =-13.93 NOBS = 10
 Event#  34 >>>  180409 1146  AVRES =-17.59 NOBS = 10
 Event#  35 >>>  180414 1803  AVRES = -5.15 NOBS =  8
 Event#  37 >>>  180605 2300  AVRES =-20.87 NOBS =  8
 Event#  38 >>>  180708 1947  AVRES =-28.48 NOBS = 10
 Event#  39 >>>  180823 0344  AVRES = -3.17 NOBS = 10
 Event#  40 >>>  180902 0107  AVRES =-27.12 NOBS =  8
 Event#  41 >>>  181025 0548  AVRES =-29.09 NOBS =  8
 Event#  42 >>>  181029 2111  AVRES =-16.10 NOBS =  8
 Event#  43 >>>  160306 1151  AVRES =-26.95 NOBS =  8
 Event#  44 >>>  160317 1303  AVRES = -8.70 NOBS =  8
 Event#  45 >>>  160321 0225  AVRES =-19.03 NOBS =  8
 Event#  46 >>>  160424 0432  AVRES =-15.68 NOBS =  8
 Event#  47 >>>  160506 0204  AVRES = -7.23 NOBS =  8
 Event#  48 >>>  160606 0921  AVRES =-20.72 NOBS =  8
 Event#  49 >>>  160628 0332  AVRES =-23.76 NOBS =  8
 Event#  50 >>>  160807 1403  AVRES = 11.55 NOBS =  8
 Event#  51 >>>  160911 1535  AVRES = -4.67 NOBS =  8
 Event#  52 >>>  161112 2107  AVRES =-20.06 NOBS =  8
 Event#  53 >>>  170118 1051  AVRES =-22.70 NOBS =  8
 Event#  54 >>>  170219 1514  AVRES =-24.85 NOBS = 10
 Event#  55 >>>  170310 1613  AVRES =-33.44 NOBS = 10
 Event#  56 >>>  170424 2129  AVRES =  2.09 NOBS = 10
 Event#  57 >>>  170708 2248  AVRES =-26.53 NOBS = 10
 Event#  58 >>>  170902 0332  AVRES =-17.78 NOBS = 10
 Event#  59 >>>  170321 1313  AVRES =-17.18 NOBS = 10
 Event#  60 >>>  171108 1917  AVRES = -4.23 NOBS = 10
 Event#  61 >>>  171126 1906  AVRES =-21.31 NOBS =  8
 Event#  62 >>>  170310 1633  AVRES = -3.86 NOBS =  8
 Event#  63 >>>  170425 1637  AVRES =-20.70 NOBS = 10
 Event#  64 >>>  170424 2128  AVRES =-28.79 NOBS = 10
 Event#  65 >>>  170717 1619  AVRES = -3.98 NOBS =  8
 Event#  66 >>>  170403 1955  AVRES =-12.23 NOBS =  8
 Event#  67 >>>  170505 1125  AVRES = -8.89 NOBS =  8
 Event#  68 >>>  170107 0338  AVRES = -7.18 NOBS =  8

 ^^^^^^^^^ C H E C K   these events above ^^^^^^^^
 $$$$$$$$$$$$$$$$$$$$$$$$$$$$$$$$$$$$$$$$$$$$$$$$$

 ~~~ check solution (better? worse?) ...

 Iteration nr  2 obtained:
 DATVAR= 1150.724487 mean sqrd residual=   584.919739  RMS RESIDUAL=    24.185114

 After  2 iterations we got:
 Average absolute & unweighted [and mean] residual of
   380 straight and direct rays = 24.12577 [-17.62964]
   222 refracted           rays = 26.47713 [-21.89261]
     0 reflected           rays =  0.00000 [  0.00000]

   602 ALL                 RAYS = 24.99288 [-19.20170]       -2.72 %

 *** WARNING: the data variance has increased.
 ~~~ iteration done; output results ...

  eq       ot     x      y      z      rms    avres   dot     dx     dy     dz
    1      2.29  52.25 -31.19 243.99  19.45  -8.06    0.001 -0.447 -0.365  4.731
    2     34.32 193.84 -58.30  32.10  15.93 -27.98   -0.017  0.087  0.064  2.155
    3     36.45 206.17  11.83  32.77  23.17 -19.78    0.005 -0.199 -0.150  1.485
    4     46.75 140.83 -66.68  32.54  35.30 -19.33   -0.016  0.352  0.278  0.422
    5     38.91-129.85-148.28  36.64  37.86 -16.22   -0.054  0.173  0.115  3.274
    6     48.23 322.36 -47.45  32.68  24.95 -34.15    0.000 -0.159 -0.194  2.611
    7     32.71 401.63 -86.62  31.82   8.81 -30.49    0.003  0.029  0.054 -0.070
    8     33.51 169.08-108.22  39.09  15.23 -28.38   -0.093 -0.140  0.102 -0.665
    9     28.88 175.24  -3.03 330.66  13.38 -31.92   -0.051 -0.391 -0.198 -5.924
   10     49.41 449.73  50.44  42.86  30.92 -34.28   -0.076 -0.399 -0.032  0.336
   11     46.54 201.28 -62.35  92.40  24.17 -34.04   -0.083 -0.373  0.110 -7.495
   12     29.29 155.04  25.61 342.10  16.07 -27.63   -0.024 -0.119 -0.134 -5.494
   13     49.33  11.86-133.82  18.46  30.84 -34.15   -0.005  0.042  0.078  8.087
   14     23.79 384.81   1.42  30.24  25.08 -11.03    0.017  0.130  0.179 -3.966
   15     22.51  35.42 -16.47 141.50   8.51 -21.55   -0.029 -0.140 -0.078 -3.116
   16     43.35 194.38 -24.61 140.03  27.97 -25.76   -0.033 -0.277  0.041 -3.173
   17     19.84 303.42 -56.20 115.35   6.48 -18.66    0.016  0.216  0.072 -1.656
   18     24.45 237.74 -85.98  17.55   8.06 -22.99   -0.011  0.029 -0.025  0.259
   19     45.98  61.63 -86.69  35.76  28.44 -31.02   -0.026  0.064  0.116  4.926
   20     37.57 178.11 -58.72  36.47  26.25 -29.19   -0.004 -0.415 -0.158  4.577
   21      2.48  35.26-146.45  30.49   3.25  -1.58    0.015 -0.320 -0.242 -4.183
   22     20.76 181.22-145.61  26.13   7.07 -19.52   -0.003 -0.076 -0.110 -0.777
   23     17.03 270.56  16.15 182.71   6.93 -12.24    0.043  0.375  0.120  1.120
   24     10.00 308.77 -48.32  63.02   4.09  -8.69    0.092  0.522  0.103  1.808
   25     31.21  76.55  80.03  29.57  28.53 -22.82    0.006 -0.615 -0.347  2.514
   26     22.36 350.28 -61.72  31.72  22.20 -28.98   -0.003 -0.007  0.076  1.522
   27     29.09  38.43-124.82  34.92  27.67 -17.34   -0.001 -0.073 -0.006  1.917
   28      8.72 162.64-105.47  55.99  10.78  -1.87    0.118  0.376 -0.221  2.521
   29     55.25  14.10-122.16  18.75  33.25 -37.53   -0.024  0.029  0.066  8.303
   30     44.02  -1.23 -82.25  16.88  27.09 -30.18   -0.017 -0.295 -0.114  6.425
   31     24.12  37.30-127.47  33.39  23.40 -14.20    0.008 -0.049  0.004  0.309
   32     29.08 421.11 -21.66  31.23  26.24 -15.27    0.013 -0.015 -0.044 -2.260
   33     17.93 239.65 -20.90  28.05  12.63 -13.93   -0.005  0.317  0.148 -2.210
   34     29.43  86.48 -83.18  32.07  23.26 -17.59    0.001  0.071  0.067  0.817
   35      9.22-187.69-222.55 121.20  42.70  -5.15   -0.031  0.425  0.285  4.500
   36      0.94 179.99 -54.70  35.61   2.71   0.09    0.136  0.379 -0.171  0.095
   37     38.62  73.31 108.95 163.99  25.27 -20.87   -0.020 -0.252 -0.316 -0.939
   38     28.18 -10.74-142.00  29.20  32.86 -28.48    0.006  0.459  0.359  5.426
   39      5.28 321.79 -40.16 120.60   6.21  -3.17    0.108  0.703  0.113  6.119
   40     22.96 321.87 -90.11  43.77   9.09 -27.12   -0.029 -0.098  0.121 -0.683
   41     39.59  52.31 -40.17 169.16  26.51 -29.09   -0.061 -0.224  0.117 -4.845
   42     21.69   4.31   6.49 187.69  12.43 -16.10   -0.014  0.060 -0.001 -1.866
   43      5.44 166.33 313.70  83.82  52.31 -26.95   -0.092 -0.479 -0.510  3.652
   44      9.84 233.12 -59.38  40.38   4.26  -8.70    0.073  0.292 -0.054  0.380
   45     17.95 153.27 122.05 171.96  16.75 -19.03   -0.008  0.108  0.087 -0.633
   46     25.14 335.89 171.14 314.22  17.78 -15.68   -0.005  0.010 -0.159  1.002
   47      8.65 248.86 -45.25 128.24   5.66  -7.23    0.075  0.363 -0.055  4.089
   48     22.93 356.65  -7.38 203.04   7.79 -20.72    0.011  0.156  0.050 -1.399
   49     48.36 123.10  20.58 159.21  30.19 -23.76   -0.022 -0.333 -0.144 -2.371
 ***** depth constrained for event    50
   50     54.45-426.72 -97.45 110.78  83.82  11.55   -0.041  0.604  0.541 10.000
   51      9.21 148.96   2.44 292.31   8.40  -4.67    0.032  0.243  0.087  4.545
   52     29.64 294.09 -36.88  33.10  25.38 -20.06    0.010 -0.225 -0.101  0.865
   53     36.55  97.05 -59.97  33.01  24.39 -22.70    0.000  0.050  0.078  2.937
   54     18.83  92.52 -19.47  95.39  13.04 -24.85   -0.059  0.121  0.087 -5.476
   55     35.86 123.11 -44.08  35.51  19.83 -33.44   -0.158 -0.320  0.032 -0.159
   56      4.63 110.55  -1.87  64.69  10.31   2.09    0.125  0.343 -0.091  4.761
   57     35.00  65.60-185.79  39.65  22.82 -26.53   -0.087 -0.334  0.181 -0.644
   58     19.21 161.41  -0.56  30.42   8.85 -17.78   -0.007  0.187  0.117  0.103
   59     19.28 335.05 -76.24 363.74  12.64 -17.18    0.019  0.144  0.031 -1.860
   60      8.59 203.73 -67.32  39.65   8.25  -4.23    0.106  0.420 -0.129  0.559
   61     31.30  99.40 -17.96 306.97  19.34 -21.31   -0.002  0.216  0.070 -3.420
   62      5.53 153.30 -29.15  35.42   4.25  -3.86    0.081  0.246  0.010  0.034
   63     35.97 134.26-144.33  44.31  30.97 -20.70   -0.035  0.134  0.094 -0.290
   64     56.85 134.39 -52.81 207.45  25.55 -28.79   -0.018 -0.316 -0.091 -7.183
   65      3.25 379.16  79.59 100.97   3.07  -3.98    0.096  0.567  0.269  1.374
   66     12.40 327.74 -45.56 167.19   3.46 -12.23    0.051  0.289  0.061  2.043
   67      9.03 151.85 -91.53  29.17   3.32  -8.89    0.007 -0.053 -0.093 -2.650
   68      9.07 235.06  -5.48  30.37   5.19  -7.18    0.016  0.220  0.117 -3.497

 A V E R A G E   of ADJUSTMENTS :                     0.000  0.035  0.005  0.496
 A V E R A G E   of ABSOLUTE ADJUSTMENTS :            0.038  0.245  0.133  2.816


 Step length damping of 0.03871 was applied.


 Velocity adjustments:
     vp    dvp      hp   reflector
 Velocity model   1
   5.300 -0.500    0.000      
   6.679  0.179   20.000      
   8.212  0.172   35.000      
   8.213  0.000   77.000      
   8.363  0.193  120.000      
   8.364  0.000  165.000      
   8.482  0.182  210.000      
   8.540  0.060  260.000      
   8.757  0.087  310.000      

 Calculation of average velocity starts at layer #           1
 z =  0.00 ... 20.00    v = 5.30    AVEL = 5.30 downto z =  20.00
 z = 20.00 ... 35.00    v = 6.68    AVEL = 5.89 downto z =  35.00
 z = 35.00 ... 77.00    v = 8.21    AVEL = 7.16 downto z =  77.00
 z = 77.00 ...120.00    v = 8.21    AVEL = 7.54 downto z = 120.00
 z =120.00 ...165.00    v = 8.36    AVEL = 7.76 downto z = 165.00
 z =165.00 ...210.00    v = 8.36    AVEL = 7.89 downto z = 210.00
 z =210.00 ...260.00    v = 8.48    AVEL = 8.00 downto z = 260.00
 z =260.00 ...310.00    v = 8.54    AVEL = 8.09 downto z = 310.00


 Calculation of average velocity starts at layer #           2
 z = 20.00 ... 35.00    v = 6.68    AVEL = 6.68 downto z =  35.00
 z = 35.00 ... 77.00    v = 8.21    AVEL = 7.81 downto z =  77.00
 z = 77.00 ...120.00    v = 8.21    AVEL = 7.98 downto z = 120.00
 z =120.00 ...165.00    v = 8.36    AVEL = 8.10 downto z = 165.00
 z =165.00 ...210.00    v = 8.36    AVEL = 8.16 downto z = 210.00
 z =210.00 ...260.00    v = 8.48    AVEL = 8.23 downto z = 260.00
 z =260.00 ...310.00    v = 8.54    AVEL = 8.28 downto z = 310.00


 Velocity model   2
   3.044 -0.416    0.000      
   4.170  0.320   20.000      
   4.540  0.060   35.000      
   4.569  0.079   77.000      
   4.570  0.000  120.000      
   4.571  0.000  165.000      
   4.661  0.141  210.000      
   4.662  0.000  260.000      
   4.786 -0.014  310.000      

 Calculation of average velocity starts at layer #           1
 z =  0.00 ... 20.00    v = 3.04    AVEL = 3.04 downto z =  20.00
 z = 20.00 ... 35.00    v = 4.17    AVEL = 3.53 downto z =  35.00
 z = 35.00 ... 77.00    v = 4.54    AVEL = 4.08 downto z =  77.00
 z = 77.00 ...120.00    v = 4.57    AVEL = 4.25 downto z = 120.00
 z =120.00 ...165.00    v = 4.57    AVEL = 4.34 downto z = 165.00
 z =165.00 ...210.00    v = 4.57    AVEL = 4.39 downto z = 210.00
 z =210.00 ...260.00    v = 4.66    AVEL = 4.44 downto z = 260.00
 z =260.00 ...310.00    v = 4.66    AVEL = 4.48 downto z = 310.00


 Calculation of average velocity starts at layer #           2
 z = 20.00 ... 35.00    v = 4.17    AVEL = 4.17 downto z =  35.00
 z = 35.00 ... 77.00    v = 4.54    AVEL = 4.44 downto z =  77.00
 z = 77.00 ...120.00    v = 4.57    AVEL = 4.50 downto z = 120.00
 z =120.00 ...165.00    v = 4.57    AVEL = 4.52 downto z = 165.00
 z =165.00 ...210.00    v = 4.57    AVEL = 4.53 downto z = 210.00
 z =210.00 ...260.00    v = 4.66    AVEL = 4.56 downto z = 260.00
 z =260.00 ...310.00    v = 4.66    AVEL = 4.58 downto z = 310.00



 Adjusted station corrections:
   stn  ptcor  dpcor  
     1  0.135  0.135     2  0.135  0.135     3 -0.034 -0.034     4  0.000  0.000
     5  0.298  0.298     6  0.298  0.298
 Adjusted station corrections:
   stn  stcor  dscor  
     1 -0.287 -0.287     2 -0.287 -0.287     3 -0.334 -0.334     4 -0.122 -0.122
     5  0.650  0.650     6  0.650  0.650

 ~~~ another iteration? ...



--------------------------------------------------------------------------------



           ITERATION no  3

 ~~~ set units for this iteration ...
 ~~~ determine number of unknowns for this iter. ...

 Number of unknowns (for array-indexing):  nvar =  272
 Number of effective unknowns        :  nvareff =  272
 Number of elements on/below main diagonal of matrix G = At*A : kvar =   37128

 Damping factors to be used in this iteration:
   Othet=  35.000   XYthet  =   1.000   Zthet=  0.010
 STAthet=  10.000   Vthet   =   1.000

 ~~~ damp G ...
 ~~~ solve G * b = RHT ...
 ~~~ fix units ...
 ~~~ apply eventually step-length damping ...
 ~~~ adjust model (hypocenters, stacorr & veloc.) ...
 ~~~ compute effective step-length ...

 (Applied) Step length = 135.332

 ~~~ set units for next iteration ...
 ~~~ determine number of unknowns for next iter. ...

 Number of unknowns (for array-indexing):  nvar =  297
 Number of effective unknowns        :  nvareff =  296
 Number of elements on/below main diagonal of matrix G = At*A : kvar =   44253

 ~~~ reset G and RHT ...
 ~~~ raytracing, setup G ...
 ~~~ store parts of G ...
 ~~~ set units back for current iteration ...
 ~~~ determine number of unknowns for this iter. ...

 Number of unknowns (for array-indexing):  nvar =  272
 Number of effective unknowns        :  nvareff =  272
 Number of elements on/below main diagonal of matrix G = At*A : kvar =   37128

 ~~~ compute RMS and DATVAR ...

 $$$$$$$$$$$$$$$$$$$$$$$$$$$$$$$$$$$$$$$$$$$$$$$$$
 Events with  | AVRES | > 1.0 SEC are suspicious !

 Event#   1 >>>  150213 1614  AVRES = -5.55 NOBS =  8
 Event#   2 >>>  150411 1244  AVRES =-26.80 NOBS =  8
 Event#   3 >>>  150413 1029  AVRES =-18.85 NOBS =  8
 Event#   4 >>>  150805 1541  AVRES =-19.27 NOBS =  8
 Event#   5 >>>  150923 1619  AVRES =-13.75 NOBS =  8
 Event#   6 >>>  151001 0004  AVRES =-31.84 NOBS =  8
 Event#   7 >>>  151001 0249  AVRES =-28.68 NOBS =  8
 Event#   8 >>>  151104 0614  AVRES =-21.68 NOBS = 10
 Event#   9 >>>  151107 0556  AVRES =-28.41 NOBS = 10
 Event#  10 >>>  150120 1434  AVRES =-25.64 NOBS =  8
 Event#  11 >>>  150126 1311  AVRES =-28.05 NOBS =  8
 Event#  12 >>>  150202 2129  AVRES =-25.19 NOBS = 10
 Event#  13 >>>  200217 1211  AVRES =-33.59 NOBS =  8
 Event#  14 >>>  200310 1406  AVRES = -9.88 NOBS = 10
 Event#  15 >>>  200425 0443  AVRES =-18.51 NOBS = 10
 Event#  16 >>>  200503 0706  AVRES =-21.06 NOBS = 10
 Event#  17 >>>  190102 1340  AVRES =-15.13 NOBS =  8
 Event#  18 >>>  190112 1204  AVRES =-21.38 NOBS =  8
 Event#  19 >>>  190213 2341  AVRES =-23.98 NOBS = 10
 Event#  20 >>>  190512 0851  AVRES =-23.55 NOBS =  8
 Event#  21 >>>  190728 1425  AVRES = -1.17 NOBS = 10
 Event#  22 >>>  190802 1203  AVRES =-17.96 NOBS = 10
 Event#  23 >>>  190811 0211  AVRES =-10.37 NOBS = 10
 Event#  24 >>>  190811 0439  AVRES = -6.43 NOBS = 10
 Event#  25 >>>  190905 1156  AVRES =-21.05 NOBS = 10
 Event#  26 >>>  190922 2232  AVRES =-27.13 NOBS = 10
 Event#  27 >>>  191216 1252  AVRES =-17.07 NOBS =  8
 Event#  28 >>>  181201 2236  AVRES = -1.53 NOBS = 10
 Event#  29 >>>  180123 0634  AVRES =-36.15 NOBS =  8
 Event#  30 >>>  180124 0632  AVRES =-28.53 NOBS =  8
 Event#  31 >>>  180319 1136  AVRES =-13.79 NOBS = 10
 Event#  32 >>>  180326 2132  AVRES =-14.13 NOBS =  8
 Event#  33 >>>  180408 1604  AVRES =-13.00 NOBS = 10
 Event#  34 >>>  180409 1146  AVRES =-16.93 NOBS = 10
 Event#  35 >>>  180414 1803  AVRES = -3.20 NOBS =  8
 Event#  37 >>>  180605 2300  AVRES =-17.03 NOBS =  8
 Event#  38 >>>  180708 1947  AVRES =-27.74 NOBS = 10
 Event#  39 >>>  180823 0344  AVRES = -2.37 NOBS = 10
 Event#  40 >>>  180902 0107  AVRES =-20.43 NOBS =  8
 Event#  41 >>>  181025 0548  AVRES =-25.17 NOBS =  8
 Event#  42 >>>  181029 2111  AVRES =-14.44 NOBS =  8
 Event#  43 >>>  160306 1150  AVRES =-20.52 NOBS =  8
 Event#  44 >>>  160317 1303  AVRES = -7.21 NOBS =  8
 Event#  45 >>>  160321 0225  AVRES =-16.35 NOBS =  8
 Event#  46 >>>  160424 0432  AVRES =-12.33 NOBS =  8
 Event#  47 >>>  160506 0204  AVRES = -5.78 NOBS =  8
 Event#  48 >>>  160606 0921  AVRES =-17.68 NOBS =  8
 Event#  49 >>>  160628 0332  AVRES =-20.69 NOBS =  8
 Event#  50 >>>  160807 1403  AVRES = 17.36 NOBS =  8
 Event#  51 >>>  160911 1535  AVRES = -3.83 NOBS =  8
 Event#  52 >>>  161112 2107  AVRES =-18.83 NOBS =  8
 Event#  53 >>>  170118 1051  AVRES =-22.05 NOBS =  8
 Event#  54 >>>  170219 1514  AVRES =-20.74 NOBS = 10
 Event#  55 >>>  170310 1613  AVRES =-25.77 NOBS = 10
 Event#  56 >>>  170424 2129  AVRES =  1.37 NOBS = 10
 Event#  57 >>>  170708 2248  AVRES =-20.05 NOBS = 10
 Event#  58 >>>  170902 0332  AVRES =-16.87 NOBS = 10
 Event#  59 >>>  170321 1313  AVRES =-15.60 NOBS = 10
 Event#  60 >>>  171108 1917  AVRES = -3.39 NOBS = 10
 Event#  61 >>>  171126 1906  AVRES =-19.82 NOBS =  8
 Event#  62 >>>  170310 1633  AVRES = -3.05 NOBS =  8
 Event#  63 >>>  170425 1637  AVRES =-15.69 NOBS = 10
 Event#  64 >>>  170424 2128  AVRES =-26.20 NOBS = 10
 Event#  65 >>>  170717 1619  AVRES = -2.90 NOBS =  8
 Event#  66 >>>  170403 1955  AVRES =-10.39 NOBS =  8
 Event#  67 >>>  170505 1125  AVRES = -8.08 NOBS =  8
 Event#  68 >>>  170107 0338  AVRES = -6.56 NOBS =  8

 ^^^^^^^^^ C H E C K   these events above ^^^^^^^^
 $$$$$$$$$$$$$$$$$$$$$$$$$$$$$$$$$$$$$$$$$$$$$$$$$

 ~~~ check solution (better? worse?) ...

 Iteration nr  3 obtained:
 DATVAR=  962.147095 mean sqrd residual=   527.422791  RMS RESIDUAL=    22.965687

 After  3 iterations we got:
 Average absolute & unweighted [and mean] residual of
   468 straight and direct rays = 22.21767 [-15.59309]
   134 refracted           rays = 25.23084 [-20.50594]
     0 reflected           rays =  0.00000 [  0.00000]

   602 ALL                 RAYS = 22.88837 [-16.68665]       -8.42 %

 ~~~ iteration done; output results ...

  eq       ot     x      y      z      rms    avres   dot     dx     dy     dz
 ***** depth constrained for event     1
    1      1.47  39.62 -38.53 233.99  18.21  -5.55   -0.821-12.639 -7.346-10.000
 ***** depth constrained for event     2
    2     33.45 193.55 -56.67  42.10  15.57 -26.80   -0.872 -0.291  1.639 10.000
 ***** depth constrained for event     3
    3     35.93 196.20   6.07  42.77  22.04 -18.85   -0.520 -9.969 -5.765 10.000
 ***** depth constrained for event     4
    4     46.08 149.41 -58.57  42.54  34.61 -19.27   -0.669  8.583  8.107 10.000
 ***** depth constrained for event     5
    5     35.56-120.94-133.19  46.64  36.09 -13.75   -3.343  8.903 15.089 10.000
 ***** depth constrained for event     6
    6     47.30 312.13 -54.07  42.68  24.12 -31.84   -0.933-10.225 -6.625 10.000
 ***** depth constrained for event     7
    7     31.84 396.60 -86.77  41.82   8.41 -28.68   -0.875 -5.031 -0.155 10.000
 ***** depth constrained for event     8
    8     27.49 157.71 -98.77  29.09  13.54 -21.68   -6.022-11.368  9.450-10.000
 ***** depth constrained for event     9
    9     26.73 163.60  -8.40 320.66  12.31 -28.41   -2.149-11.645 -5.367-10.000
 ***** depth constrained for event    10
   10     43.64 420.18  45.37  32.86  28.86 -25.64   -5.775-29.551 -5.070-10.000
 ***** depth constrained for event    11
   11     41.85 184.89 -55.98  82.40  23.25 -28.05   -4.689-16.395  6.363-10.000
 ***** depth constrained for event    12
   12     27.86 150.88  21.79 332.10  15.69 -25.19   -1.423 -4.160 -3.825-10.000
 ***** depth constrained for event    13
   13     49.01  21.53-127.83  28.46  30.04 -33.59   -0.317  9.666  5.988 10.000
 ***** depth constrained for event    14
   14     23.48 379.68  -1.74  40.24  24.79  -9.88   -0.314 -5.129 -3.162 10.000
 ***** depth constrained for event    15
   15     19.93  33.73 -14.28 131.50   7.68 -18.51   -2.579 -1.687  2.184-10.000
 ***** depth constrained for event    16
   16     40.09 177.58 -24.05 130.03  27.63 -21.06   -3.265-16.800  0.560-10.000
 ***** depth constrained for event    17
   17     17.30 295.92 -53.12 105.35   5.61 -15.13   -2.542 -7.499  3.083-10.000
 ***** depth constrained for event    18
   18     23.98 236.28 -87.13  27.55   7.63 -21.38   -0.473 -1.462 -1.148 10.000
   19     39.24  57.13 -72.71  31.31  27.18 -23.98   -6.746 -4.496 13.973 -4.450
 ***** depth constrained for event    20
   20     32.38 158.49 -52.55  26.47  25.01 -23.55   -5.194-19.615  6.165-10.000
 ***** depth constrained for event    21
   21      2.43  35.46-147.03  40.49   3.21  -1.17   -0.053  0.203 -0.584 10.000
 ***** depth constrained for event    22
   22     20.17 178.95-145.57  36.13   6.65 -17.96   -0.594 -2.265  0.031 10.000
 ***** depth constrained for event    23
   23     15.93 266.93  14.90 172.71   6.68 -10.37   -1.092 -3.634 -1.249-10.000
 ***** depth constrained for event    24
   24      8.36 304.50 -44.56  53.02   3.73  -6.43   -1.640 -4.274  3.763-10.000
 ***** depth constrained for event    25
   25     30.63  58.95  69.79  39.57  26.55 -21.05   -0.581-17.606-10.242 10.000
 ***** depth constrained for event    26
   26     21.52 341.82 -63.66  41.72  21.85 -27.13   -0.839 -8.459 -1.942 10.000
 ***** depth constrained for event    27
   27     28.60  41.31-121.72  44.92  27.49 -17.07   -0.498  2.875  3.097 10.000
 ***** depth constrained for event    28
   28      8.31 165.35-104.34  45.99  10.63  -1.53   -0.408  2.706  1.132-10.000
 ***** depth constrained for event    29
   29     54.34  20.43-115.25  28.75  32.51 -36.15   -0.913  6.330  6.912 10.000
 ***** depth constrained for event    30
   30     43.66  -2.70 -79.52  26.88  26.94 -28.53   -0.364 -1.479  2.727 10.000
 ***** depth constrained for event    31
   31     23.73  43.02-121.37  43.39  22.96 -13.79   -0.389  5.719  6.098 10.000
 ***** depth constrained for event    32
   32     28.67 413.56 -28.35  41.23  25.61 -14.13   -0.410 -7.553 -6.691 10.000
 ***** depth constrained for event    33
   33     17.44 242.38 -20.01  38.05  12.30 -13.00   -0.483  2.735  0.889 10.000
 ***** depth constrained for event    34
   34     28.91  91.14 -77.58  42.07  22.87 -16.93   -0.515  4.657  5.599 10.000
 ***** depth constrained for event    35
   35      6.96-169.04-206.99 131.20  41.03  -3.20   -2.262 18.651 15.560 10.000
   36      0.95 180.58 -55.02  35.58   2.70   0.03    0.008  0.594 -0.321 -0.026
 ***** depth constrained for event    37
   37     36.57  60.32  96.68 153.99  23.65 -17.03   -2.053-12.992-12.278-10.000
 ***** depth constrained for event    38
   38     27.41  11.63-123.50  39.20  30.05 -27.74   -0.777 22.365 18.496 10.000
 ***** depth constrained for event    39
   39      4.78 321.48 -39.16 110.60   6.09  -2.37   -0.510 -0.306  0.994-10.000
 ***** depth constrained for event    40
   40     18.36 301.67 -86.72  33.77   8.53 -20.43   -4.603-20.199  3.390-10.000
 ***** depth constrained for event    41
   41     36.79  45.07 -34.50 159.16  26.49 -25.17   -2.806 -7.240  5.662-10.000
 ***** depth constrained for event    42
   42     20.50   5.77   8.53 177.69  11.94 -14.44   -1.193  1.460  2.045-10.000
 ***** depth constrained for event    43
   43     59.98 143.40 289.42  93.82  49.12 -20.52   -5.457-22.932-24.281 10.000
 ***** depth constrained for event    44
   44      8.29 230.20 -56.38  30.38   3.93  -7.21   -1.550 -2.928  2.997-10.000
 ***** depth constrained for event    45
   45     15.95 147.67 119.33 161.96  16.14 -16.35   -1.996 -5.598 -2.718-10.000
 ***** depth constrained for event    46
   46     23.25 328.02 163.43 304.22  17.35 -12.33   -1.890 -7.873 -7.713-10.000
 ***** depth constrained for event    47
   47      7.62 245.44 -45.79 118.24   5.41  -5.78   -1.031 -3.422 -0.538-10.000
 ***** depth constrained for event    48
   48     21.08 348.19  -8.70 193.04   7.17 -17.68   -1.851 -8.461 -1.322-10.000
 ***** depth constrained for event    49
   49     46.01 109.23  15.90 149.21  29.08 -20.69   -2.350-13.865 -4.684-10.000
 ***** depth constrained for event    50
   50     49.69-390.81 -72.95 120.78  77.94  17.36   -4.759 35.912 24.499 10.000
 ***** depth constrained for event    51
   51      9.03 151.65   3.93 282.31   8.07  -3.83   -0.174  2.697  1.488-10.000
 ***** depth constrained for event    52
   52     29.13 282.00 -41.55  43.10  24.40 -18.83   -0.505-12.083 -4.673 10.000
 ***** depth constrained for event    53
   53     35.93  98.46 -56.52  43.01  24.25 -22.05   -0.624  1.411  3.455 10.000
 ***** depth constrained for event    54
   54     15.00  92.81 -14.32  85.39  11.84 -20.74   -3.832  0.296  5.150-10.000
   55     28.63 110.03 -39.10  30.16  17.67 -25.77   -7.232-13.083  4.972 -5.350
 ***** depth constrained for event    56
   56      4.98 114.66  -2.25  74.69  10.30   1.37    0.350  4.117 -0.378 10.000
 ***** depth constrained for event    57
   57     29.44  58.18-169.71  29.65  22.75 -20.05   -5.561 -7.419 16.081-10.000
 ***** depth constrained for event    58
   58     18.65 163.01   1.50  40.42   8.51 -16.87   -0.563  1.594  2.057 10.000
 ***** depth constrained for event    59
   59     18.48 334.70 -75.75 353.74  12.33 -15.60   -0.796 -0.353  0.489-10.000
   60      7.66 203.86 -66.21  33.57   8.06  -3.39   -0.930  0.133  1.106 -6.078
 ***** depth constrained for event    61
   61     30.62 106.29 -14.47 296.97  18.59 -19.82   -0.686  6.889  3.492-10.000
   62      4.84 151.62 -29.30  34.75   4.41  -3.05   -0.693 -1.684 -0.143 -0.677
 ***** depth constrained for event    63
   63     31.56 133.20-132.82  34.31  30.24 -15.69   -4.411 -1.053 11.509-10.000
 ***** depth constrained for event    64
   64     55.39 124.71 -53.28 197.45  25.45 -26.20   -1.463 -9.675 -0.472-10.000
 ***** depth constrained for event    65
   65      2.78 376.69  80.31  90.97   3.13  -2.90   -0.465 -2.461  0.722-10.000
 ***** depth constrained for event    66
   66     11.38 323.02 -45.56 157.19   3.26 -10.39   -1.024 -4.717  0.001-10.000
 ***** depth constrained for event    67
   67      8.77 151.08 -91.61  39.17   3.14  -8.08   -0.261 -0.769 -0.080 10.000
 ***** depth constrained for event    68
   68      8.87 234.88  -5.09  40.37   5.18  -6.56   -0.197 -0.180  0.395 10.000

 A V E R A G E   of ADJUSTMENTS :                    -1.801 -3.295  1.598 -0.685
 A V E R A G E   of ABSOLUTE ADJUSTMENTS :            1.811  7.662  5.091  9.509


NO step length damping applied


 ~~~ another iteration? ...



--------------------------------------------------------------------------------



           ITERATION no  4

 ~~~ set units for this iteration ...
 ~~~ determine number of unknowns for this iter. ...

 Number of unknowns (for array-indexing):  nvar =  297
 Number of effective unknowns        :  nvareff =  296
 Number of elements on/below main diagonal of matrix G = At*A : kvar =   44253

 Damping factors to be used in this iteration:
   Othet=  35.000   XYthet  =   1.000   Zthet=  0.010
 STAthet=  10.000   Vthet   =   1.000

 ~~~ damp G ...
 ~~~ solve G * b = RHT ...
 ~~~ fix units ...
 ~~~ apply eventually step-length damping ...
 ~~~ adjust model (hypocenters, stacorr & veloc.) ...

 doing velocity adjustments now...
 WARNING: Tried to introduce a low-velocity-layer! (Layer  4)
 Setting DVP from  0.08 to 0.0 and VP to vp(layer_above)+0.001
 WARNING: Tried to introduce a low-velocity-layer! (Layer  6)
 Setting DVP from -0.01 to 0.0 and VP to vp(layer_above)+0.001
 WARNING: Tried to introduce a low-velocity-layer! (Layer  7)
 Setting DVP from  0.05 to 0.0 and VP to vp(layer_above)+0.001
 WARNING: Tried to introduce a low-velocity-layer! (Layer  9)
 Setting DVP from -0.04 to 0.0 and VP to vp(layer_above)+0.001
 WARNING: Tried to introduce a low-velocity-layer! (Layer  5)
 Setting DVP from  0.03 to 0.0 and VP to vp(layer_above)+0.001
 WARNING: Tried to introduce a low-velocity-layer! (Layer  7)
 Setting DVP from -0.04 to 0.0 and VP to vp(layer_above)+0.001
 WARNING: Tried to introduce a low-velocity-layer! (Layer  9)
 Setting DVP from -0.11 to 0.0 and VP to vp(layer_above)+0.001

 doing station-correction adjustments...

 ~~~ compute effective step-length ...

 (Applied) Step length =  23.620

 ~~~ set units for next iteration ...
 ~~~ determine number of unknowns for next iter. ...

 Number of unknowns (for array-indexing):  nvar =  272
 Number of effective unknowns        :  nvareff =  272
 Number of elements on/below main diagonal of matrix G = At*A : kvar =   37128

 ~~~ reset G and RHT ...
 ~~~ raytracing, setup G ...
 ~~~ store parts of G ...
 ~~~ set units back for current iteration ...
 ~~~ determine number of unknowns for this iter. ...

 Number of unknowns (for array-indexing):  nvar =  297
 Number of effective unknowns        :  nvareff =  296
 Number of elements on/below main diagonal of matrix G = At*A : kvar =   44253

 ~~~ compute RMS and DATVAR ...

 $$$$$$$$$$$$$$$$$$$$$$$$$$$$$$$$$$$$$$$$$$$$$$$$$
 Events with  | AVRES | > 1.0 SEC are suspicious !

 Event#   1 >>>  150213 1614  AVRES = -5.16 NOBS =  8
 Event#   2 >>>  150411 1244  AVRES =-26.18 NOBS =  8
 Event#   3 >>>  150413 1029  AVRES =-18.36 NOBS =  8
 Event#   4 >>>  150805 1541  AVRES =-18.77 NOBS =  8
 Event#   5 >>>  150923 1619  AVRES =-13.54 NOBS =  8
 Event#   6 >>>  151001 0004  AVRES =-31.02 NOBS =  8
 Event#   7 >>>  151001 0249  AVRES =-27.79 NOBS =  8
 Event#   8 >>>  151104 0614  AVRES =-21.02 NOBS = 10
 Event#   9 >>>  151107 0556  AVRES =-27.35 NOBS = 10
 Event#  10 >>>  150120 1434  AVRES =-24.86 NOBS =  8
 Event#  11 >>>  150126 1311  AVRES =-27.40 NOBS =  8
 Event#  12 >>>  150202 2129  AVRES =-24.17 NOBS = 10
 Event#  13 >>>  200217 1211  AVRES =-32.67 NOBS =  8
 Event#  14 >>>  200310 1406  AVRES = -9.31 NOBS = 10
 Event#  15 >>>  200425 0443  AVRES =-17.92 NOBS = 10
 Event#  16 >>>  200503 0706  AVRES =-20.37 NOBS = 10
 Event#  17 >>>  190102 1340  AVRES =-14.54 NOBS =  8
 Event#  18 >>>  190112 1204  AVRES =-20.71 NOBS =  8
 Event#  19 >>>  190213 2341  AVRES =-23.28 NOBS = 10
 Event#  20 >>>  190512 0851  AVRES =-22.83 NOBS =  8
 Event#  22 >>>  190802 1203  AVRES =-17.40 NOBS = 10
 Event#  23 >>>  190811 0211  AVRES = -9.73 NOBS = 10
 Event#  24 >>>  190811 0439  AVRES = -5.94 NOBS = 10
 Event#  25 >>>  190905 1156  AVRES =-20.57 NOBS = 10
 Event#  26 >>>  190922 2232  AVRES =-26.39 NOBS = 10
 Event#  27 >>>  191216 1252  AVRES =-16.67 NOBS =  8
 Event#  28 >>>  181201 2236  AVRES = -1.16 NOBS = 10
 Event#  29 >>>  180123 0634  AVRES =-35.23 NOBS =  8
 Event#  30 >>>  180124 0632  AVRES =-27.73 NOBS =  8
 Event#  31 >>>  180319 1136  AVRES =-13.36 NOBS = 10
 Event#  32 >>>  180326 2132  AVRES =-13.53 NOBS =  8
 Event#  33 >>>  180408 1604  AVRES =-12.51 NOBS = 10
 Event#  34 >>>  180409 1146  AVRES =-16.46 NOBS = 10
 Event#  35 >>>  180414 1803  AVRES = -3.14 NOBS =  8
 Event#  37 >>>  180605 2300  AVRES =-16.42 NOBS =  8
 Event#  38 >>>  180708 1947  AVRES =-27.22 NOBS = 10
 Event#  39 >>>  180823 0344  AVRES = -1.85 NOBS = 10
 Event#  40 >>>  180902 0107  AVRES =-19.77 NOBS =  8
 Event#  41 >>>  181025 0548  AVRES =-24.45 NOBS =  8
 Event#  42 >>>  181029 2111  AVRES =-13.86 NOBS =  8
 Event#  43 >>>  160306 1150  AVRES =-20.06 NOBS =  8
 Event#  44 >>>  160317 1303  AVRES = -6.88 NOBS =  8
 Event#  45 >>>  160321 0225  AVRES =-15.71 NOBS =  8
 Event#  46 >>>  160424 0432  AVRES =-11.62 NOBS =  8
 Event#  47 >>>  160506 0204  AVRES = -5.20 NOBS =  8
 Event#  48 >>>  160606 0921  AVRES =-16.74 NOBS =  8
 Event#  49 >>>  160628 0332  AVRES =-19.98 NOBS =  8
 Event#  50 >>>  160807 1403  AVRES = 17.38 NOBS =  8
 Event#  51 >>>  160911 1535  AVRES = -3.38 NOBS =  8
 Event#  52 >>>  161112 2107  AVRES =-18.27 NOBS =  8
 Event#  53 >>>  170118 1051  AVRES =-21.57 NOBS =  8
 Event#  54 >>>  170219 1514  AVRES =-20.20 NOBS = 10
 Event#  55 >>>  170310 1613  AVRES =-25.02 NOBS = 10
 Event#  56 >>>  170424 2129  AVRES =  1.64 NOBS = 10
 Event#  57 >>>  170708 2248  AVRES =-19.43 NOBS = 10
 Event#  58 >>>  170902 0332  AVRES =-16.38 NOBS = 10
 Event#  59 >>>  170321 1313  AVRES =-14.74 NOBS = 10
 Event#  60 >>>  171108 1917  AVRES = -3.19 NOBS = 10
 Event#  61 >>>  171126 1906  AVRES =-19.00 NOBS =  8
 Event#  62 >>>  170310 1633  AVRES = -2.87 NOBS =  8
 Event#  63 >>>  170425 1637  AVRES =-15.19 NOBS = 10
 Event#  64 >>>  170424 2128  AVRES =-25.15 NOBS = 10
 Event#  65 >>>  170717 1619  AVRES = -2.45 NOBS =  8
 Event#  66 >>>  170403 1955  AVRES = -9.77 NOBS =  8
 Event#  67 >>>  170505 1125  AVRES = -7.65 NOBS =  8
 Event#  68 >>>  170107 0338  AVRES = -6.09 NOBS =  8

 ^^^^^^^^^ C H E C K   these events above ^^^^^^^^
 $$$$$$$$$$$$$$$$$$$$$$$$$$$$$$$$$$$$$$$$$$$$$$$$$

 ~~~ check solution (better? worse?) ...

 Iteration nr  4 obtained:
 DATVAR= 1013.382751 mean sqrd residual=   515.108154  RMS RESIDUAL=    22.695993

 After  4 iterations we got:
 Average absolute & unweighted [and mean] residual of
   474 straight and direct rays = 22.06528 [-15.38130]
   128 refracted           rays = 23.54517 [-18.68406]
     0 reflected           rays =  0.00000 [  0.00000]

   602 ALL                 RAYS = 22.37994 [-16.08355]       -2.22 %

 *** WARNING: the data variance has increased.
 ~~~ iteration done; output results ...

  eq       ot     x      y      z      rms    avres   dot     dx     dy     dz
    1      1.46  39.21 -38.81 236.10  18.16  -5.16   -0.009 -0.403 -0.283  2.110
    2     33.40 193.44 -56.59  41.54  15.43 -26.18   -0.057 -0.106  0.075 -0.552
    3     35.90 195.98   5.98  42.33  21.89 -18.36   -0.026 -0.219 -0.091 -0.435
    4     46.05 149.65 -58.34  42.22  34.41 -18.77   -0.027  0.234  0.233 -0.324
    5     35.51-120.77-132.94  47.09  35.68 -13.54   -0.052  0.170  0.244  0.442
    6     47.25 311.75 -54.21  42.20  23.93 -31.02   -0.050 -0.379 -0.134 -0.487
    7     31.83 396.55 -86.73  41.66   8.20 -27.79   -0.010 -0.049  0.043 -0.151
    8     27.48 157.79 -98.80  30.01  13.42 -21.02   -0.005  0.084 -0.039  0.913
    9     26.69 163.33  -8.54 315.70  12.11 -27.35   -0.037 -0.270 -0.144 -4.951
   10     43.63 420.04  45.19  34.34  28.44 -24.86   -0.005 -0.138 -0.171  1.483
   11     41.79 184.61 -55.88  78.56  23.17 -27.40   -0.065 -0.278  0.100 -3.843
   12     27.84 150.79  21.68 326.87  15.50 -24.17   -0.021 -0.089 -0.111 -5.230
   13     48.99  21.54-127.72  34.75  29.74 -32.67   -0.019  0.015  0.112  6.296
   14     23.55 380.01  -1.73  40.76  24.55  -9.31    0.078  0.327  0.012  0.524
   15     19.90  33.64 -14.34 129.32   7.58 -17.92   -0.030 -0.095 -0.060 -2.185
   16     40.06 177.40 -23.99 128.03  27.45 -20.37   -0.027 -0.185  0.056 -1.993
   17     17.30 296.07 -53.06 105.16   5.63 -14.54    0.005  0.153  0.056 -0.196
   18     23.98 236.29 -87.16  27.97   7.55 -20.71   -0.002  0.015 -0.032  0.426
   19     39.22  57.21 -72.60  34.22  26.92 -23.28   -0.011  0.079  0.114  2.907
   20     32.37 158.16 -52.66  28.23  24.94 -22.83   -0.004 -0.338 -0.113  1.768
   21      2.52  35.41-147.36  41.03   3.26  -0.84    0.091 -0.054 -0.325  0.538
   22     20.16 178.88-145.65  36.11   6.59 -17.40   -0.005 -0.073 -0.072 -0.020
   23     15.97 267.25  15.00 173.60   6.67  -9.73    0.039  0.317  0.096  0.889
   24      8.45 304.93 -44.52  54.47   3.77  -5.94    0.086  0.436  0.043  1.447
   25     30.57  58.41  69.51  39.11  26.48 -20.57   -0.056 -0.539 -0.281 -0.461
   26     21.48 341.65 -63.55  41.38  21.69 -26.39   -0.043 -0.175  0.115 -0.344
   27     28.56  41.18-121.70  44.76  27.23 -16.67   -0.033 -0.124  0.024 -0.157
   28      8.41 165.67-104.54  47.34  10.66  -1.16    0.101  0.325 -0.195  1.347
   29     54.31  20.44-115.14  35.82  32.14 -35.23   -0.024  0.010  0.108  7.068
   30     43.65  -2.92 -79.56  31.52  26.68 -27.73   -0.014 -0.212 -0.033  4.643
   31     23.73  42.98-121.34  43.60  22.71 -13.36   -0.002 -0.037  0.028  0.206
   32     28.71 413.63 -28.48  41.60  25.33 -13.53    0.037  0.064 -0.126  0.379
   33     17.47 242.69 -19.95  38.09  12.25 -12.51    0.025  0.312  0.058  0.039
   34     28.89  91.15 -77.49  41.97  22.66 -16.46   -0.022  0.016  0.085 -0.098
   35      6.94-168.64-206.73 135.26  40.44  -3.14   -0.022  0.395  0.255  4.058
   36      1.06 180.89 -55.17  35.67   2.72   0.39    0.113  0.309 -0.152  0.091
   37     36.56  60.14  96.43 153.20  23.52 -16.42   -0.012 -0.182 -0.248 -0.791
   38     27.30  11.81-122.98  38.96  29.72 -27.22   -0.110  0.180  0.526 -0.238
   39      4.85 322.01 -39.10 115.08   6.11  -1.85    0.080  0.525  0.063  4.481
   40     18.36 301.69 -86.65  33.76   8.58 -19.77    0.002  0.019  0.069 -0.010
   41     36.74  44.91 -34.40 155.66  26.31 -24.45   -0.047 -0.160  0.106 -3.509
   42     20.49   5.84   8.53 176.25  11.84 -13.86   -0.010  0.069 -0.001 -1.439
   43     59.92 143.02 289.04  97.22  48.57 -20.06   -0.060 -0.380 -0.384  3.395
   44      8.30 230.33 -56.34  26.25   3.87  -6.88    0.013  0.135  0.037 -4.131
   45     15.95 147.79 119.41 161.69  15.90 -15.71   -0.001  0.118  0.083 -0.268
   46     23.26 328.10 163.32 305.08  17.04 -11.62    0.009  0.077 -0.113  0.855
   47      7.69 245.75 -45.87 119.42   5.32  -5.20    0.072  0.309 -0.083  1.176
   48     21.09 348.35  -8.65 192.17   6.88 -16.74    0.010  0.159  0.049 -0.866
   49     45.99 108.99  15.79 147.15  28.91 -19.98   -0.017 -0.243 -0.103 -2.064
 ***** depth constrained for event    50
   50     49.69-390.30 -72.52 130.78  76.37  17.38   -0.002  0.504  0.430 10.000
   51      9.05 151.80   3.99 284.33   8.00  -3.38    0.018  0.141  0.053  2.014
   52     29.12 281.75 -41.60  43.06  24.23 -18.27   -0.011 -0.251 -0.052 -0.042
   53     35.87  98.36 -56.45  42.39  24.04 -21.57   -0.054 -0.101  0.066 -0.624
   54     14.96  92.94 -14.26  82.06  11.77 -20.20   -0.044  0.121  0.062 -3.337
   55     28.62 110.03 -39.19  33.15  17.49 -25.02   -0.013  0.004 -0.085  2.988
   56      5.07 114.93  -2.33  80.11  10.36   1.64    0.090  0.268 -0.076  5.415
   57     29.43  58.11-169.70  30.66  22.49 -19.43   -0.001 -0.072  0.007  1.013
   58     18.63 163.12   1.59  40.19   8.44 -16.38   -0.016  0.113  0.091 -0.228
   59     18.49 334.72 -75.75 350.29  12.07 -14.74    0.003  0.025  0.003 -3.446
   60      7.67 204.02 -66.22  29.12   8.08  -3.19    0.012  0.159 -0.012 -4.454
   61     30.61 106.48 -14.41 294.04  18.49 -19.00   -0.006  0.183  0.054 -2.926
   62      4.85 151.68 -29.30  31.04   4.57  -2.87    0.012  0.065  0.002 -3.705
   63     31.56 133.40-132.80  34.21  30.03 -15.19   -0.002  0.196  0.024 -0.103
   64     55.37 124.49 -53.34 191.18  25.39 -25.15   -0.017 -0.224 -0.054 -6.267
   65      2.86 377.13  80.50  92.05   3.23  -2.45    0.075  0.434  0.188  1.072
   66     11.42 323.23 -45.52 158.59   3.42  -9.77    0.040  0.210  0.043  1.400
   67      8.82 151.10 -91.75  39.42   3.18  -7.65    0.042  0.020 -0.144  0.253
   68      8.93 235.19  -5.01  40.68   5.38  -6.09    0.064  0.310  0.077  0.309

 A V E R A G E   of ADJUSTMENTS :                     0.000  0.033  0.002  0.178
 A V E R A G E   of ABSOLUTE ADJUSTMENTS :            0.033  0.191  0.112  1.939


 Step length damping of 0.03382 was applied.


 Velocity adjustments:
     vp    dvp      hp   reflector
 Velocity model   1
   4.800 -0.500    0.000      
   7.082  0.403   20.000      
   8.344  0.132   35.000      
   8.345  0.000   77.000      
   8.544  0.181  120.000      
   8.545  0.000  165.000      
   8.546  0.000  210.000      
   8.745  0.205  260.000      
   8.746  0.000  310.000      

 Calculation of average velocity starts at layer #           1
 z =  0.00 ... 20.00    v = 4.80    AVEL = 4.80 downto z =  20.00
 z = 20.00 ... 35.00    v = 7.08    AVEL = 5.78 downto z =  35.00
 z = 35.00 ... 77.00    v = 8.34    AVEL = 7.18 downto z =  77.00
 z = 77.00 ...120.00    v = 8.34    AVEL = 7.60 downto z = 120.00
 z =120.00 ...165.00    v = 8.54    AVEL = 7.85 downto z = 165.00
 z =165.00 ...210.00    v = 8.54    AVEL = 8.00 downto z = 210.00
 z =210.00 ...260.00    v = 8.55    AVEL = 8.11 downto z = 260.00
 z =260.00 ...310.00    v = 8.74    AVEL = 8.21 downto z = 310.00


 Calculation of average velocity starts at layer #           2
 z = 20.00 ... 35.00    v = 7.08    AVEL = 7.08 downto z =  35.00
 z = 35.00 ... 77.00    v = 8.34    AVEL = 8.01 downto z =  77.00
 z = 77.00 ...120.00    v = 8.34    AVEL = 8.15 downto z = 120.00
 z =120.00 ...165.00    v = 8.54    AVEL = 8.28 downto z = 165.00
 z =165.00 ...210.00    v = 8.54    AVEL = 8.34 downto z = 210.00
 z =210.00 ...260.00    v = 8.55    AVEL = 8.38 downto z = 260.00
 z =260.00 ...310.00    v = 8.74    AVEL = 8.44 downto z = 310.00


 Velocity model   2
   2.885 -0.159    0.000      
   4.344  0.174   20.000      
   4.580  0.039   35.000      
   4.621  0.052   77.000      
   4.622  0.000  120.000      
   4.632  0.061  165.000      
   4.633  0.000  210.000      
   4.721  0.059  260.000      
   4.722  0.000  310.000      

 Calculation of average velocity starts at layer #           1
 z =  0.00 ... 20.00    v = 2.89    AVEL = 2.89 downto z =  20.00
 z = 20.00 ... 35.00    v = 4.34    AVEL = 3.51 downto z =  35.00
 z = 35.00 ... 77.00    v = 4.58    AVEL = 4.09 downto z =  77.00
 z = 77.00 ...120.00    v = 4.62    AVEL = 4.28 downto z = 120.00
 z =120.00 ...165.00    v = 4.62    AVEL = 4.38 downto z = 165.00
 z =165.00 ...210.00    v = 4.63    AVEL = 4.43 downto z = 210.00
 z =210.00 ...260.00    v = 4.63    AVEL = 4.47 downto z = 260.00
 z =260.00 ...310.00    v = 4.72    AVEL = 4.51 downto z = 310.00


 Calculation of average velocity starts at layer #           2
 z = 20.00 ... 35.00    v = 4.34    AVEL = 4.34 downto z =  35.00
 z = 35.00 ... 77.00    v = 4.58    AVEL = 4.52 downto z =  77.00
 z = 77.00 ...120.00    v = 4.62    AVEL = 4.56 downto z = 120.00
 z =120.00 ...165.00    v = 4.62    AVEL = 4.58 downto z = 165.00
 z =165.00 ...210.00    v = 4.63    AVEL = 4.59 downto z = 210.00
 z =210.00 ...260.00    v = 4.63    AVEL = 4.60 downto z = 260.00
 z =260.00 ...310.00    v = 4.72    AVEL = 4.62 downto z = 310.00



 Adjusted station corrections:
   stn  ptcor  dpcor  
     1  0.261  0.126     2  0.261  0.126     3 -0.052 -0.018     4  0.000  0.000
     5  0.486  0.189     6  0.486  0.189
 Adjusted station corrections:
   stn  stcor  dscor  
     1 -0.433 -0.146     2 -0.433 -0.146     3 -0.552 -0.219     4 -0.204 -0.083
     5  1.108  0.458     6  1.108  0.458

 ~~~ another iteration? ...
 NITT = ITTMAX  --> stop iterations.
 ~~~ final solution reached ...

 ~~~ damp G & Chol.-Decomp.: NOT made (switch iresolcalc is NOT set !)

 Final rms values: 18.1615.4321.8934.4135.6823.93 8.2013.4212.1128.44
                   23.1715.5029.7424.55 7.5827.45 5.63 7.5526.9224.94
                    3.26 6.59 6.67 3.7726.4821.6927.2310.6632.1426.68
                   22.7125.3312.2522.6640.44 2.7223.5229.72 6.11 8.58
                   26.3111.8448.57 3.8715.9017.04 5.32 6.8828.9176.37
                    8.0024.2324.0411.7717.4910.3622.49 8.4412.07 8.08
                   18.49 4.5730.0325.39 3.23 3.42 3.18 5.38



 ~~~ output final hypocenters ...

      date    origin   latitude longitude  depth  mag  no  rms      x      y      z
   1 150213 1614  1.46  6.3549S 106.1204E 236.10 0.00   818.163   39.21 -38.81 236.10
   2 150411 1244 33.40  6.5156S 104.7266E  41.54 0.00   815.434  193.44 -56.59  41.54
   3 150413 1029 35.90  5.9499S 104.7046E  42.33 0.00   821.887  195.98   5.98  42.33
   4 150805 1541 46.05  6.5314S 105.1224E  42.22 0.00   834.411  149.65 -58.34  42.22
   5 150923 1619 35.51  7.2061S 107.5668E  47.09 0.00   835.684 -120.77-132.94  47.09
   6 151001 0004 47.25  6.4941S 103.6576E  42.20 0.00   823.928  311.75 -54.21  42.20
   7 151001 0249 31.83  6.7882S 102.8903E  41.66 0.00   8 8.200  396.55 -86.73  41.66
   8 151104 0614 27.48  6.8974S 105.0482E  30.01 0.00  1013.418  157.79 -98.80  30.01
   9 151107 0556 26.69  6.0811S 104.9994E 315.70 0.00  1012.113  163.33  -8.54 315.70
  10 150120 1434 43.63  5.5952S 102.6821E  34.34 0.00   828.438  420.04  45.19  34.34
  11 150126 1311 41.79  6.5092S 104.8064E  78.56 0.00   823.172  184.61 -55.88  78.56
  12 150202 2129 27.84  5.8079S 105.1130E 326.87 0.00  1015.503  150.79  21.68 326.87
  13 200217 1211 48.99  7.1588S 106.2799E  34.75 0.00   829.745   21.54-127.72  34.75
  14 200310 1406 23.55  6.0195S 103.0423E  40.76 0.00  1024.553  380.01  -1.73  40.76
  15 200425 0443 19.90  6.1336S 106.1708E 129.32 0.00  10 7.581   33.64 -14.34 129.32
  16 200503 0706 40.06  6.2208S 104.8721E 128.03 0.00  1027.454  177.40 -23.99 128.03
  17 190102 1340 17.30  6.4837S 103.7993E 105.16 0.00   8 5.630  296.07 -53.06 105.16
  18 190112 1204 23.98  6.7921S 104.3388E  27.97 0.00   8 7.554  236.29 -87.16  27.97
  19 190213 2341 39.22  6.6604S 105.9576E  34.22 0.00  1026.922   57.21 -72.60  34.22
  20 190512 0851 32.37  6.4801S 105.0456E  28.23 0.00   824.943  158.16 -52.66  28.23
  21 190728 1425  2.52  7.3364S 106.1545E  41.03 0.00  10 3.258   35.41-147.36  41.03
  22 190802 1203 20.16  7.3210S 104.8569E  36.11 0.00  10 6.587  178.88-145.65  36.11
  23 190811 0211 15.97  5.8683S 104.0611E 173.60 0.00  10 6.668  267.25  15.00 173.60
  24 190811 0439  8.45  6.4064S 103.7194E  54.47 0.00  10 3.773  304.93 -44.52  54.47
  25 190905 1156 30.57  5.3753S 105.9474E  39.11 0.00  1026.484   58.41  69.51  39.11
  26 190922 2232 21.48  6.5786S 103.3872E  41.38 0.00  1021.688  341.65 -63.55  41.38
  27 191216 1252 28.56  7.1044S 106.1023E  44.76 0.00   827.233   41.18-121.70  44.76
  28 181201 2236  8.41  6.9492S 104.9770E  47.34 0.00  1010.659  165.67-104.54  47.34
  29 180123 0634 54.31  7.0451S 106.2899E  35.82 0.00   832.145   20.44-115.14  35.82
  30 180124 0632 43.65  6.7233S 106.5011E  31.52 0.00   826.681   -2.92 -79.56  31.52
  31 180319 1136 23.73  7.1012S 106.0861E  43.60 0.00  1022.709   42.98-121.34  43.60
  32 180326 2132 28.71  6.2614S 102.7378E  41.60 0.00   825.327  413.63 -28.48  41.60
  33 180408 1604 17.47  6.1843S 104.2822E  38.09 0.00  1012.248  242.69 -19.95  38.09
  34 180409 1146 28.89  6.7047S 105.6508E  41.97 0.00  1022.657   91.15 -77.49  41.97
  35 180414 1803  6.94  7.8733S 108.0007E 135.26 0.00   840.441 -168.64-206.73 135.26
  36 180509 2126  1.06  6.5028S 104.8401E  35.67 0.00  10 2.722  180.89 -55.17  35.67
  37 180605 2300 36.56  5.1319S 105.9319E 153.20 0.00   823.517   60.14  96.43 153.20
  38 180708 1947 27.30  7.1159S 106.3679E  38.96 0.00  1029.718   11.81-122.98  38.96
  39 180823 0344  4.85  6.3575S 103.5653E 115.08 0.00  10 6.111  322.01 -39.10 115.08
  40 180902 0107 18.36  6.7874S 103.7478E  33.76 0.00   8 8.578  301.69 -86.65  33.76
  41 181025 0548 36.74  6.3149S 106.0690E 155.66 0.00   826.307   44.91 -34.40 155.66
  42 181029 2111 20.49  5.9268S 106.4219E 176.25 0.00   811.837    5.84   8.53 176.25
  43 160306 1150 59.92  3.3902S 105.1856E  97.22 0.00   848.566  143.02 289.04  97.22
  44 160317 1303  8.30  6.5134S 104.3933E  26.25 0.00   8 3.875  230.33 -56.34  26.25
  45 160321 0225 15.95  4.9241S 105.1410E 161.69 0.00   815.900  147.79 119.41 161.69
  46 160424 0432 23.26  4.5270S 103.5149E 305.08 0.00   817.043  328.10 163.32 305.08
  47 160506 0204  7.69  6.4187S 104.2542E 119.42 0.00   8 5.319  245.75 -45.87 119.42
  48 160606 0921 21.09  6.0821S 103.3281E 192.17 0.00   8 6.879  348.35  -8.65 192.17
  49 160628 0332 45.99  5.8611S 105.4904E 147.15 0.00   828.911  108.99  15.79 147.15
  50 160807 1403 49.69  6.6597S 110.0022E 130.78 0.00   876.372 -390.30 -72.52 130.78
  51 160911 1535  9.05  5.9679S 105.1037E 284.33 0.00   8 8.004  151.80   3.99 284.33
  52 161112 2107 29.12  6.3801S 103.9289E  43.06 0.00   824.235  281.75 -41.60  43.06
  53 170118 1051 35.87  6.5144S 105.5859E  42.39 0.00   824.038   98.36 -56.45  42.39
  54 170219 1514 14.96  6.1328S 105.6352E  82.06 0.00  1011.772   92.94 -14.26  82.06
  55 170310 1613 28.62  6.3583S 105.4805E  33.15 0.00  1017.489  110.03 -39.19  33.15
  56 170424 2129  5.07  6.0249S 105.4366E  80.11 0.00  1010.362  114.93  -2.33  80.11
  57 170708 2248 29.43  7.5384S 105.9490E  30.66 0.00  1022.489   58.11-169.70  30.66
  58 170902 0332 18.63  5.9896S 105.0014E  40.19 0.00  10 8.436  163.12   1.59  40.19
  59 170321 1313 18.49  6.6889S 103.4494E 350.29 0.00  1012.066  334.72 -75.75 350.29
  60 171108 1917  7.67  6.6028S 104.6309E  29.12 0.00  10 8.078  204.02 -66.22  29.12
  61 171126 1906 30.61  6.1343S 105.5128E 294.04 0.00   818.488  106.48 -14.41 294.04
  62 170310 1633  4.85  6.2688S 105.1043E  31.04 0.00   8 4.568  151.68 -29.30  31.04
  63 170425 1637 31.56  7.2047S 105.2684E  34.21 0.00  1030.033  133.40-132.80  34.21
  64 170424 2128 55.37  6.4862S 105.3498E 191.18 0.00  1025.392  124.49 -53.34 191.18
  65 170717 1619  2.86  5.2760S 103.0705E  92.05 0.00   8 3.228  377.13  80.50  92.05
  66 170403 1955 11.42  6.4155S 103.5540E 158.59 0.00   8 3.421  323.23 -45.52 158.59
  67 170505 1125  8.82  6.8336S 105.1088E  39.42 0.00   8 3.179  151.10 -91.75  39.42
  68 170107 0338  8.93  6.0492S 104.3503E  40.68 0.00   8 5.378  235.19  -5.01  40.68

 ~~~ output final station residuals ...
 TURBO-option is set; residuals are NOT printed for each event!



   station statistics, remember nsp was set to: 2


 sta phase nobs avres  avwres    std    wsum    delay

    1   P  47 -3.1769 -3.1769 23.5035  62.6666  0.2615
    1   S  47-17.2107-17.2107  6.5890  31.3333 -0.4331
    2   P  12-22.1033-22.1033 27.3785  16.0000  0.2615
     WARNING: Station =    2     !!! Variance  bbs(  2) = ******* < 0 !!
    2   S  12-32.1342-32.1342  0.0000   8.0000 -0.4331
    3   P  56-10.9830-10.9830 22.7184  74.6667 -0.0520
    3   S  56-22.0126-22.0126  8.8270  37.3333 -0.5524
    4   P  62-15.7305-15.7305 23.6978  82.6667  0.0000
    4   S  62-21.5335-21.5335 15.2881  41.3333 -0.2044
    5   P  58-16.6085-16.6085 24.5634  77.3333  0.4864
    5   S  58 -5.5180 -5.5180 29.4827  38.6667  1.1080
    6   P  66-20.5323-20.5323 23.9848  88.0000  0.4864
    6   S  66-19.3429-19.3429 19.5075  44.0000  1.1080


 ~~~ output statistics ...




 RAY-STATISTICS FOR  L A S T  ITERATION
 --------------------------------------

 NHYP : nr of hypocenters in this layer
 NREF : nr of headwaves in this layer
 %len : % of "refracted km" in this layer 
        with respect to all refracted kilometers
 NHIT : nr of rays passed thru this layer
 xy-km: average horizontal ray length [km] in layer
 z-km : average  vertical  ray length [km] in layer
 RFLX : number of reflections at bottom of this layer

 nlay   top ..... bottom     velocity   NHYP NREF %len  NHIT xy-km  z-km  RFLX

   1     0.00... 20.00 km    2.89 km/s    0    0   0.0   602  14.3  20.0     0
   2    20.00... 35.00 km    4.34 km/s   14    0   0.0   726  26.3  13.0     0
   3    35.00... 77.00 km    4.58 km/s   26  124  97.6   602 304.2  19.6     0
   4    77.00...120.00 km    4.62 km/s    8    0   0.0   248 119.9  35.6     0
   5   120.00...165.00 km    4.62 km/s    9    4   2.4   178 109.5  34.8     0
   6   165.00...210.00 km    4.63 km/s    4    0   0.0    98  67.9  35.2     0
   7   210.00...260.00 km    4.63 km/s    1    0   0.0    62  75.0  46.9     0
   8   260.00...310.00 km    4.72 km/s    3    0   0.0    54  75.9  43.1     0
   9   310.00...310.00 km    4.72 km/s    0    0   0.0     0   0.0   0.0     0
  10     0.00...  0.00 km    0.00 km/s    0    0   0.0     0   0.0   0.0     0
  11     0.00...  0.00 km    0.00 km/s    0    0   0.0     0   0.0   0.0     0
  12     0.00...  0.00 km    0.00 km/s    0    0   0.0     0   0.0   0.0     0
  13     0.00...  0.00 km    0.00 km/s    0    0   0.0     0   0.0   0.0     0
  14     0.00...  0.00 km    0.00 km/s    0    0   0.0     0   0.0   0.0     0
  15     0.00...  0.00 km    0.00 km/s    0    0   0.0     0   0.0   0.0     0
  16     0.00...  0.00 km    0.00 km/s    0    0   0.0     0   0.0   0.0     0
  17     0.00...  0.00 km    0.00 km/s    0    0   0.0     0   0.0   0.0     0
  18     0.00...       km    0.00 km/s   68    0   0.0     0   0.0   0.0

 Total nr of events was  133

 Total nr of refracted rays =   128
 Total nr of reflected rays =     0
 Total nr of   other   rays =   474
                              ------
 Total nr of    all    rays =   602

 Average (absolute) error of the raytracers:
  Straight and direct rays :    4.83 meters
  Refracted           rays :    0.02 meters
  Reflected           rays :    0.00 meters


 ALL RAYS TOGETHER:
 Average horizontal ray length =  459.3 km   (Hypocenter --> Station) 
 Average  vertical  ray length =   95.0 km   (Deepest ray-point --> Station)



 ... and some more STATISTICS 
 ---------------------------- 
  GAP of final epicenters:

  Event# -> GAP  Event# -> GAP  Event# -> GAP  Event# -> GAP  Event# -> GAP
       1 -> 213       2 -> 252       3 -> 196       4 -> 244       5 -> 183
       6 -> 272       7 -> 286       8 -> 218       9 -> 194      10 -> 262
      11 -> 211      12 -> 182      13 -> 209      14 -> 250      15 -> 168
      16 -> 201      17 -> 235      18 -> 230      19 -> 193      20 -> 206
      21 -> 216      22 -> 233      23 -> 211      24 -> 236      25 -> 149
      26 -> 248      27 -> 210      28 -> 222      29 -> 233      30 -> 213
      31 -> 210      32 -> 263      33 -> 214      34 -> 201      35 -> 230
      36 -> 211      37 -> 188      38 -> 204      39 -> 238      40 -> 243
      41 -> 214      42 -> 190      43 -> 168      44 -> 225      45 -> 166
      46 -> 172      47 -> 225      48 -> 244      49 -> 189      50 -> 185
      51 -> 198      52 -> 229      53 -> 196      54 -> 181      55 -> 193
      56 -> 182      57 -> 223      58 -> 190      59 -> 248      60 -> 219
      61 -> 184      62 -> 197      63 -> 224      64 -> 200      65 -> 238
      66 -> 240      67 -> 216      68 -> 208

 GAPs were between 149 and 286
      (average GAP was 214)



  MAGNITUDES of INPUT-DATA:

 Magnitude (# of events)   ***average number of obs***

 MAG<= 1.0 ( 68) *********
 MAG = 1.1 (  0)  
 MAG = 1.2 (  0)  
 MAG = 1.3 (  0)  
 MAG = 1.4 (  0)  
 MAG = 1.5 (  0)  
 MAG = 1.6 (  0)  
 MAG = 1.7 (  0)  
 MAG = 1.8 (  0)  
 MAG = 1.9 (  0)  
 MAG = 2.0 (  0)  
 MAG = 2.1 (  0)  
 MAG = 2.2 (  0)  
 MAG = 2.3 (  0)  
 MAG = 2.4 (  0)  
 MAG = 2.5 (  0)  
 MAG = 2.6 (  0)  
 MAG = 2.7 (  0)  
 MAG = 2.8 (  0)  
 MAG = 2.9 (  0)  
 MAG = 3.0 (  0)  
 MAG = 3.1 (  0)  
 MAG = 3.2 (  0)  
 MAG = 3.3 (  0)  
 MAG = 3.4 (  0)  
 MAG = 3.5 (  0)  
 MAG = 3.6 (  0)  
 MAG = 3.7 (  0)  
 MAG = 3.8 (  0)  
 MAG = 3.9 (  0)  
 MAG = 4.0 (  0)  
 MAG = 4.1 (  0)  
 MAG = 4.2 (  0)  
 MAG = 4.3 (  0)  
 MAG = 4.4 (  0)  
 MAG = 4.5 (  0)  
 MAG = 4.6 (  0)  
 MAG = 4.7 (  0)  
 MAG = 4.8 (  0)  
 MAG = 4.9 (  0)  
 MAG = 5.0 (  0)  
 MAG = 5.1 (  0)  
 MAG = 5.2 (  0)  
 MAG = 5.3 (  0)  
 MAG = 5.4 (  0)  
 MAG = 5.5 (  0)  
 MAG = 5.6 (  0)  
 MAG = 5.7 (  0)  
 MAG = 5.8 (  0)  
 MAG = 5.9 (  0)  
 MAG>= 6.0 (  0)  





  DEPTHs of INPUT-DATA and of LAST ITERATION:
  ===========================================

       Depth       # of events  

 DEPTH ( input ) =  -4. km :   
 DEPTH (last_IT) =  -4. km :   
 DEPTH ( input ) =  -3. km :   
 DEPTH (last_IT) =  -3. km :   
 DEPTH ( input ) =  -2. km :   
 DEPTH (last_IT) =  -2. km :   
 DEPTH ( input ) =  -1. km :   
 DEPTH (last_IT) =  -1. km :   
 DEPTH ( input ) =   0. km :  ...
 DEPTH (last_IT) =   0. km :   
 DEPTH ( input ) =   1. km :   
 DEPTH (last_IT) =   1. km :   
 DEPTH ( input ) =   2. km :   
 DEPTH (last_IT) =   2. km :   
 DEPTH ( input ) =   3. km :   
 DEPTH (last_IT) =   3. km :   
 DEPTH ( input ) =   4. km :   
 DEPTH (last_IT) =   4. km :   
 DEPTH ( input ) =   5. km :   
 DEPTH (last_IT) =   5. km :   
 DEPTH ( input ) =   6. km :   
 DEPTH (last_IT) =   6. km :   
 DEPTH ( input ) =   7. km :  .
 DEPTH (last_IT) =   7. km :   
 DEPTH ( input ) =   8. km :   
 DEPTH (last_IT) =   8. km :   
 DEPTH ( input ) =   9. km :   
 DEPTH (last_IT) =   9. km :   
 DEPTH ( input ) =  10. km :   
 DEPTH (last_IT) =  10. km :   
 DEPTH ( input ) =  11. km :   
 DEPTH (last_IT) =  11. km :   
 DEPTH ( input ) =  12. km :   
 DEPTH (last_IT) =  12. km :   
 DEPTH ( input ) =  13. km :   
 DEPTH (last_IT) =  13. km :   
 DEPTH ( input ) =  14. km :  .
 DEPTH (last_IT) =  14. km :   
 DEPTH ( input ) =  15. km :   
 DEPTH (last_IT) =  15. km :   
 DEPTH ( input ) =  16. km :   
 DEPTH (last_IT) =  16. km :   
 DEPTH ( input ) =  17. km :   
 DEPTH (last_IT) =  17. km :   
 DEPTH ( input ) =  18. km :   
 DEPTH (last_IT) =  18. km :   
 DEPTH ( input ) =  19. km :   
 DEPTH (last_IT) =  19. km :   
 DEPTH ( input ) =  20. km :   
 DEPTH (last_IT) =  20. km :   
 DEPTH ( input ) =  21. km :   
 DEPTH (last_IT) =  21. km :   
 DEPTH ( input ) =  22. km :   
 DEPTH (last_IT) =  22. km :   
 DEPTH ( input ) =  23. km :  .
 DEPTH (last_IT) =  23. km :   
 DEPTH ( input ) =  24. km :   
 DEPTH (last_IT) =  24. km :   
 DEPTH ( input ) =  25. km :   
 DEPTH (last_IT) =  25. km :   
 DEPTH ( input ) =  26. km :  .
 DEPTH (last_IT) =  26. km :  *
 DEPTH ( input ) =  27. km :   
 DEPTH (last_IT) =  27. km :   
 DEPTH ( input ) =  28. km :   
 DEPTH (last_IT) =  28. km :  **
 DEPTH ( input ) =  29. km :  .
 DEPTH (last_IT) =  29. km :  *
 DEPTH ( input ) =  30. km :  ..
 DEPTH (last_IT) =  30. km :  *
 DEPTH ( input ) =  31. km :   
 DEPTH (last_IT) =  31. km :  **
 DEPTH ( input ) =  32. km :   
 DEPTH (last_IT) =  32. km :  *
 DEPTH ( input ) =  33. km :  .
 DEPTH (last_IT) =  33. km :  *
 DEPTH ( input ) =  34. km :  .
 DEPTH (last_IT) =  34. km :  ****
 DEPTH ( input ) =  35. km :  ....
 DEPTH (last_IT) =  35. km :  *
 DEPTH ( input ) =  36. km :  .........1....
 DEPTH (last_IT) =  36. km :  ***
 DEPTH ( input ) =  37. km :  ...
 DEPTH (last_IT) =  37. km :   
 DEPTH ( input ) =  38. km :   
 DEPTH (last_IT) =  38. km :  *
 DEPTH ( input ) =  39. km :   
 DEPTH (last_IT) =  39. km :  ***
 DEPTH ( input ) =  40. km :  .
 DEPTH (last_IT) =  40. km :  *
 DEPTH ( input ) =  41. km :   
 DEPTH (last_IT) =  41. km :  ****
 DEPTH ( input ) =  42. km :  ..
 DEPTH (last_IT) =  42. km :  ********
 DEPTH ( input ) =  43. km :   
 DEPTH (last_IT) =  43. km :  *
 DEPTH ( input ) =  44. km :   
 DEPTH (last_IT) =  44. km :  *
 DEPTH ( input ) =  45. km :  .
 DEPTH (last_IT) =  45. km :  *
 DEPTH ( input ) =  46. km :   
 DEPTH (last_IT) =  46. km :   
 DEPTH ( input ) =  47. km :   
 DEPTH (last_IT) =  47. km :  **
 DEPTH ( input ) =  48. km :   
 DEPTH (last_IT) =  48. km :   
 DEPTH ( input ) =  49. km :   
 DEPTH (last_IT) =  49. km :   
 DEPTH ( input ) =  50. km :  ..
 DEPTH (last_IT) =  50. km :   
 DEPTH ( input ) =  51. km :   
 DEPTH (last_IT) =  51. km :   
 DEPTH ( input ) =  52. km :   
 DEPTH (last_IT) =  52. km :   
 DEPTH ( input ) =  53. km :   
 DEPTH (last_IT) =  53. km :   
 DEPTH ( input ) =  54. km :   
 DEPTH (last_IT) =  54. km :  *
 DEPTH ( input ) =  55. km :   
 DEPTH (last_IT) =  55. km :   
 DEPTH ( input ) =  56. km :   
 DEPTH (last_IT) =  56. km :   
 DEPTH ( input ) =  57. km :   
 DEPTH (last_IT) =  57. km :   
 DEPTH ( input ) =  58. km :   
 DEPTH (last_IT) =  58. km :   
 DEPTH ( input ) =  59. km :   
 DEPTH (last_IT) =  59. km :   
 DEPTH ( input ) =  60. km :   
 DEPTH (last_IT) =  60. km :   
 DEPTH ( input ) =  61. km :   
 DEPTH (last_IT) =  61. km :   
 DEPTH ( input ) =  62. km :   
 DEPTH (last_IT) =  62. km :   
 DEPTH ( input ) =  63. km :  .
 DEPTH (last_IT) =  63. km :   
 DEPTH ( input ) =  64. km :   
 DEPTH (last_IT) =  64. km :   
 DEPTH ( input ) =  65. km :   
 DEPTH (last_IT) =  65. km :   
 DEPTH ( input ) =  66. km :   
 DEPTH (last_IT) =  66. km :   
 DEPTH ( input ) =  67. km :   
 DEPTH (last_IT) =  67. km :   
 DEPTH ( input ) =  68. km :   
 DEPTH (last_IT) =  68. km :   
 DEPTH ( input ) =  69. km :   
 DEPTH (last_IT) =  69. km :   
 DEPTH ( input ) =  70. km :  .
 DEPTH (last_IT) =  70. km :   
 DEPTH ( input ) =  71. km :  .
 DEPTH (last_IT) =  71. km :   
 DEPTH ( input ) =  72. km :   
 DEPTH (last_IT) =  72. km :   
 DEPTH ( input ) =  73. km :   
 DEPTH (last_IT) =  73. km :   
 DEPTH ( input ) =  74. km :   
 DEPTH (last_IT) =  74. km :   
 DEPTH ( input ) =  75. km :   
 DEPTH (last_IT) =  75. km :   
 DEPTH ( input ) =  76. km :   
 DEPTH (last_IT) =  76. km :   
 DEPTH ( input ) =  77. km :   
 DEPTH (last_IT) =  77. km :   
 DEPTH ( input ) =  78. km :   
 DEPTH (last_IT) =  78. km :   
 DEPTH ( input ) =  79. km :   
 DEPTH (last_IT) =  79. km :  *
 DEPTH ( input ) =  80. km :   
 DEPTH (last_IT) =  80. km :  *
 DEPTH ( input ) =  81. km :   
 DEPTH (last_IT) =  81. km :   
 DEPTH ( input ) =  82. km :   
 DEPTH (last_IT) =  82. km :  *
 DEPTH ( input ) =  83. km :   
 DEPTH (last_IT) =  83. km :   
 DEPTH ( input ) =  84. km :   
 DEPTH (last_IT) =  84. km :   
 DEPTH ( input ) =  85. km :   
 DEPTH (last_IT) =  85. km :   
 DEPTH ( input ) =  86. km :   
 DEPTH (last_IT) =  86. km :   
 DEPTH ( input ) =  87. km :   
 DEPTH (last_IT) =  87. km :   
 DEPTH ( input ) =  88. km :   
 DEPTH (last_IT) =  88. km :   
 DEPTH ( input ) =  89. km :   
 DEPTH (last_IT) =  89. km :   
 DEPTH ( input ) =  90. km :   
 DEPTH (last_IT) =  90. km :   
 DEPTH ( input ) =  91. km :  .
 DEPTH (last_IT) =  91. km :   
 DEPTH ( input ) =  92. km :   
 DEPTH (last_IT) =  92. km :  *
 DEPTH ( input ) =  93. km :   
 DEPTH (last_IT) =  93. km :   
 DEPTH ( input ) =  94. km :   
 DEPTH (last_IT) =  94. km :   
 DEPTH ( input ) =  95. km :   
 DEPTH (last_IT) =  95. km :   
 DEPTH ( input ) =  96. km :   
 DEPTH (last_IT) =  96. km :   
 DEPTH ( input ) =  97. km :   
 DEPTH (last_IT) =  97. km :  *
 DEPTH ( input ) =  98. km :   
 DEPTH (last_IT) =  98. km :   
 DEPTH ( input ) =  99. km :   
 DEPTH (last_IT) =  99. km :   
 DEPTH ( input ) = 100. km :   
 DEPTH (last_IT) = 100. km :   
 DEPTH ( input ) > 100. km :  .........1.........2.....
 DEPTH (last_IT) > 100. km :  *********1*********2***


 Residuals of the stations according to the azimuth:
 (RES  = total average residual at station)
 (RES1 = average residual of rays from 1st quadrant)
 (RES2 = average residual of rays from 2nd quadrant)
 (RES3 = average residual of rays from 3rd quadrant)
 (RES4 = average residual of rays from 4th quadrant)

 Stn#  Stn     RES          RES1         RES2         RES3         RES4
   1      1  -10.19(  94) -11.01(  90)   1.49(   2)  14.66(   2)   0.00(   0)
   2      2  -27.12(  24) -27.12(  24)   0.00(   0)   0.00(   0)   0.00(   0)
   3      3  -16.50( 112)   0.00(   0)   8.87(   4) -17.56( 106) -10.98(   2)
   4      4  -18.63( 124)   0.00(   0) -12.28(  42) -21.89(  82)   0.00(   0)
   5      5  -11.06( 116) -10.88(  96) -11.96(  20)   0.00(   0)   0.00(   0)
   6      6  -19.94( 132) -19.94( 132)   0.00(   0)   0.00(   0)   0.00(   0)



 CPU - statistics:

 TOTAL CPU-sec          =    0.1     (CPU-minutes:  0.002)

 >>>   End of program VELEST at Jan  1 15:41:30 1970 <<< [ CPU-sec :     0.1]
